Time Step      1, #PI:      1, #TPI:      1 , MGM: Poisson Ite:     12 , Max Laplace Ite:     11 , MGM Ite:      5 , MGM Vel_Err:   0.197641E-02
Time Step      1, #PI:      1, #TPI:      2 , MGM: Poisson Ite:     34 , Max Laplace Ite:     13 , MGM Ite:      8 , MGM Vel_Err:   0.211582E-02
Time Step      2, #PI:      1, #TPI:      3 , MGM: Poisson Ite:     33 , Max Laplace Ite:     13 , MGM Ite:      7 , MGM Vel_Err:   0.211582E-02
Time Step      2, #PI:      1, #TPI:      4 , MGM: Poisson Ite:     34 , Max Laplace Ite:     13 , MGM Ite:     10 , MGM Vel_Err:   0.222531E-02
Time Step      3, #PI:      1, #TPI:      5 , MGM: Poisson Ite:     34 , Max Laplace Ite:     13 , MGM Ite:      8 , MGM Vel_Err:   0.222531E-02
Time Step      3, #PI:      1, #TPI:      6 , MGM: Poisson Ite:     34 , Max Laplace Ite:     13 , MGM Ite:     11 , MGM Vel_Err:   0.229897E-02
Time Step      4, #PI:      1, #TPI:      7 , MGM: Poisson Ite:     34 , Max Laplace Ite:     13 , MGM Ite:      9 , MGM Vel_Err:   0.229897E-02
Time Step      4, #PI:      1, #TPI:      8 , MGM: Poisson Ite:     34 , Max Laplace Ite:     14 , MGM Ite:     12 , MGM Vel_Err:   0.237779E-02
Time Step      5, #PI:      1, #TPI:      9 , MGM: Poisson Ite:     34 , Max Laplace Ite:     14 , MGM Ite:     10 , MGM Vel_Err:   0.237779E-02
Time Step      5, #PI:      1, #TPI:     10 , MGM: Poisson Ite:     34 , Max Laplace Ite:     14 , MGM Ite:     13 , MGM Vel_Err:   0.246335E-02
Time Step      6, #PI:      1, #TPI:     11 , MGM: Poisson Ite:     34 , Max Laplace Ite:     14 , MGM Ite:     11 , MGM Vel_Err:   0.246335E-02
Time Step      6, #PI:      1, #TPI:     12 , MGM: Poisson Ite:     34 , Max Laplace Ite:     14 , MGM Ite:     14 , MGM Vel_Err:   0.255661E-02
Time Step      7, #PI:      1, #TPI:     13 , MGM: Poisson Ite:     33 , Max Laplace Ite:     14 , MGM Ite:     12 , MGM Vel_Err:   0.255661E-02
Time Step      7, #PI:      1, #TPI:     14 , MGM: Poisson Ite:     35 , Max Laplace Ite:     14 , MGM Ite:     15 , MGM Vel_Err:   0.265817E-02
Time Step      8, #PI:      1, #TPI:     15 , MGM: Poisson Ite:     33 , Max Laplace Ite:     14 , MGM Ite:     13 , MGM Vel_Err:   0.265817E-02
Time Step      8, #PI:      1, #TPI:     16 , MGM: Poisson Ite:     35 , Max Laplace Ite:     14 , MGM Ite:     16 , MGM Vel_Err:   0.276821E-02
Time Step      9, #PI:      1, #TPI:     17 , MGM: Poisson Ite:     33 , Max Laplace Ite:     14 , MGM Ite:     14 , MGM Vel_Err:   0.276821E-02
Time Step      9, #PI:      1, #TPI:     18 , MGM: Poisson Ite:     35 , Max Laplace Ite:     14 , MGM Ite:     17 , MGM Vel_Err:   0.288632E-02
Time Step     10, #PI:      1, #TPI:     19 , MGM: Poisson Ite:     33 , Max Laplace Ite:     14 , MGM Ite:     15 , MGM Vel_Err:   0.288632E-02
Time Step     10, #PI:      1, #TPI:     20 , MGM: Poisson Ite:     35 , Max Laplace Ite:     14 , MGM Ite:     19 , MGM Vel_Err:   0.301150E-02
Time Step     11, #PI:      1, #TPI:     21 , MGM: Poisson Ite:     33 , Max Laplace Ite:     14 , MGM Ite:     16 , MGM Vel_Err:   0.301150E-02
Time Step     11, #PI:      1, #TPI:     22 , MGM: Poisson Ite:     35 , Max Laplace Ite:     14 , MGM Ite:     20 , MGM Vel_Err:   0.314187E-02
Time Step     12, #PI:      1, #TPI:     23 , MGM: Poisson Ite:     33 , Max Laplace Ite:     14 , MGM Ite:     17 , MGM Vel_Err:   0.314187E-02
Time Step     12, #PI:      1, #TPI:     24 , MGM: Poisson Ite:     35 , Max Laplace Ite:     14 , MGM Ite:     22 , MGM Vel_Err:   0.327585E-02
Time Step     13, #PI:      1, #TPI:     25 , MGM: Poisson Ite:     33 , Max Laplace Ite:     14 , MGM Ite:     19 , MGM Vel_Err:   0.327585E-02
Time Step     13, #PI:      1, #TPI:     26 , MGM: Poisson Ite:     35 , Max Laplace Ite:     14 , MGM Ite:     23 , MGM Vel_Err:   0.340973E-02
Time Step     14, #PI:      1, #TPI:     27 , MGM: Poisson Ite:     33 , Max Laplace Ite:     14 , MGM Ite:     20 , MGM Vel_Err:   0.340973E-02
Time Step     14, #PI:      1, #TPI:     28 , MGM: Poisson Ite:     35 , Max Laplace Ite:     14 , MGM Ite:     25 , MGM Vel_Err:   0.354216E-02
Time Step     15, #PI:      1, #TPI:     29 , MGM: Poisson Ite:     33 , Max Laplace Ite:     14 , MGM Ite:     22 , MGM Vel_Err:   0.354216E-02
Time Step     15, #PI:      1, #TPI:     30 , MGM: Poisson Ite:     33 , Max Laplace Ite:     14 , MGM Ite:     27 , MGM Vel_Err:   0.366843E-02
Time Step     16, #PI:      1, #TPI:     31 , MGM: Poisson Ite:     33 , Max Laplace Ite:     14 , MGM Ite:     24 , MGM Vel_Err:   0.366843E-02
Time Step     16, #PI:      1, #TPI:     32 , MGM: Poisson Ite:     33 , Max Laplace Ite:     14 , MGM Ite:     29 , MGM Vel_Err:   0.387973E-02
Time Step     17, #PI:      1, #TPI:     33 , MGM: Poisson Ite:     33 , Max Laplace Ite:     14 , MGM Ite:     26 , MGM Vel_Err:   0.387973E-02
Time Step     17, #PI:      1, #TPI:     34 , MGM: Poisson Ite:     33 , Max Laplace Ite:     14 , MGM Ite:     32 , MGM Vel_Err:   0.419248E-02
Time Step     18, #PI:      1, #TPI:     35 , MGM: Poisson Ite:     33 , Max Laplace Ite:     14 , MGM Ite:     28 , MGM Vel_Err:   0.419248E-02
Time Step     18, #PI:      1, #TPI:     36 , MGM: Poisson Ite:     33 , Max Laplace Ite:     14 , MGM Ite:     35 , MGM Vel_Err:   0.453899E-02
Time Step     19, #PI:      1, #TPI:     37 , MGM: Poisson Ite:     33 , Max Laplace Ite:     14 , MGM Ite:     31 , MGM Vel_Err:   0.453899E-02
Time Step     19, #PI:      1, #TPI:     38 , MGM: Poisson Ite:     33 , Max Laplace Ite:     14 , MGM Ite:     38 , MGM Vel_Err:   0.491811E-02
Time Step     20, #PI:      1, #TPI:     39 , MGM: Poisson Ite:     33 , Max Laplace Ite:     14 , MGM Ite:     34 , MGM Vel_Err:   0.491811E-02
Time Step     20, #PI:      1, #TPI:     40 , MGM: Poisson Ite:     33 , Max Laplace Ite:     14 , MGM Ite:     41 , MGM Vel_Err:   0.532889E-02
Time Step     21, #PI:      1, #TPI:     41 , MGM: Poisson Ite:     35 , Max Laplace Ite:     14 , MGM Ite:     37 , MGM Vel_Err:   0.532889E-02
Time Step     21, #PI:      1, #TPI:     42 , MGM: Poisson Ite:     35 , Max Laplace Ite:     14 , MGM Ite:     22 , MGM Vel_Err:   0.532889E-02
Time Step     21, #PI:      1, #TPI:     43 , MGM: Poisson Ite:     33 , Max Laplace Ite:     14 , MGM Ite:     27 , MGM Vel_Err:   0.532889E-02
Time Step     22, #PI:      1, #TPI:     44 , MGM: Poisson Ite:     35 , Max Laplace Ite:     14 , MGM Ite:     24 , MGM Vel_Err:   0.532889E-02
Time Step     22, #PI:      1, #TPI:     45 , MGM: Poisson Ite:     33 , Max Laplace Ite:     14 , MGM Ite:     30 , MGM Vel_Err:   0.532889E-02
Time Step     23, #PI:      1, #TPI:     46 , MGM: Poisson Ite:     35 , Max Laplace Ite:     14 , MGM Ite:     26 , MGM Vel_Err:   0.532889E-02
Time Step     23, #PI:      1, #TPI:     47 , MGM: Poisson Ite:     33 , Max Laplace Ite:     14 , MGM Ite:     32 , MGM Vel_Err:   0.569307E-02
Time Step     24, #PI:      1, #TPI:     48 , MGM: Poisson Ite:     35 , Max Laplace Ite:     14 , MGM Ite:     29 , MGM Vel_Err:   0.569307E-02
Time Step     24, #PI:      1, #TPI:     49 , MGM: Poisson Ite:     35 , Max Laplace Ite:     14 , MGM Ite:     18 , MGM Vel_Err:   0.569307E-02
Time Step     24, #PI:      1, #TPI:     50 , MGM: Poisson Ite:     33 , Max Laplace Ite:     14 , MGM Ite:     22 , MGM Vel_Err:   0.569307E-02
Time Step     25, #PI:      1, #TPI:     51 , MGM: Poisson Ite:     35 , Max Laplace Ite:     14 , MGM Ite:     19 , MGM Vel_Err:   0.569307E-02
Time Step     25, #PI:      1, #TPI:     52 , MGM: Poisson Ite:     33 , Max Laplace Ite:     14 , MGM Ite:     23 , MGM Vel_Err:   0.569307E-02
Time Step     26, #PI:      1, #TPI:     53 , MGM: Poisson Ite:     35 , Max Laplace Ite:     14 , MGM Ite:     21 , MGM Vel_Err:   0.569307E-02
Time Step     26, #PI:      1, #TPI:     54 , MGM: Poisson Ite:     33 , Max Laplace Ite:     14 , MGM Ite:     25 , MGM Vel_Err:   0.591098E-02
Time Step     27, #PI:      1, #TPI:     55 , MGM: Poisson Ite:     35 , Max Laplace Ite:     14 , MGM Ite:     22 , MGM Vel_Err:   0.591098E-02
Time Step     27, #PI:      1, #TPI:     56 , MGM: Poisson Ite:     33 , Max Laplace Ite:     14 , MGM Ite:     27 , MGM Vel_Err:   0.623028E-02
Time Step     28, #PI:      1, #TPI:     57 , MGM: Poisson Ite:     35 , Max Laplace Ite:     14 , MGM Ite:     24 , MGM Vel_Err:   0.623028E-02
Time Step     28, #PI:      1, #TPI:     58 , MGM: Poisson Ite:     35 , Max Laplace Ite:     14 , MGM Ite:     14 , MGM Vel_Err:   0.623028E-02
Time Step     28, #PI:      1, #TPI:     59 , MGM: Poisson Ite:     33 , Max Laplace Ite:     14 , MGM Ite:     18 , MGM Vel_Err:   0.623028E-02
Time Step     29, #PI:      1, #TPI:     60 , MGM: Poisson Ite:     35 , Max Laplace Ite:     14 , MGM Ite:     15 , MGM Vel_Err:   0.623028E-02
Time Step     29, #PI:      1, #TPI:     61 , MGM: Poisson Ite:     33 , Max Laplace Ite:     14 , MGM Ite:     19 , MGM Vel_Err:   0.623028E-02
Time Step     30, #PI:      1, #TPI:     62 , MGM: Poisson Ite:     35 , Max Laplace Ite:     14 , MGM Ite:     17 , MGM Vel_Err:   0.623028E-02
Time Step     30, #PI:      1, #TPI:     63 , MGM: Poisson Ite:     33 , Max Laplace Ite:     14 , MGM Ite:     21 , MGM Vel_Err:   0.623028E-02
Time Step     31, #PI:      1, #TPI:     64 , MGM: Poisson Ite:     35 , Max Laplace Ite:     14 , MGM Ite:     18 , MGM Vel_Err:   0.623028E-02
Time Step     31, #PI:      1, #TPI:     65 , MGM: Poisson Ite:     33 , Max Laplace Ite:     14 , MGM Ite:     22 , MGM Vel_Err:   0.646311E-02
Time Step     32, #PI:      1, #TPI:     66 , MGM: Poisson Ite:     35 , Max Laplace Ite:     14 , MGM Ite:     19 , MGM Vel_Err:   0.646311E-02
Time Step     32, #PI:      1, #TPI:     67 , MGM: Poisson Ite:     33 , Max Laplace Ite:     14 , MGM Ite:     24 , MGM Vel_Err:   0.672859E-02
Time Step     33, #PI:      1, #TPI:     68 , MGM: Poisson Ite:     35 , Max Laplace Ite:     14 , MGM Ite:     21 , MGM Vel_Err:   0.672859E-02
Time Step     33, #PI:      1, #TPI:     69 , MGM: Poisson Ite:     35 , Max Laplace Ite:     14 , MGM Ite:     12 , MGM Vel_Err:   0.672859E-02
Time Step     33, #PI:      1, #TPI:     70 , MGM: Poisson Ite:     33 , Max Laplace Ite:     14 , MGM Ite:     16 , MGM Vel_Err:   0.672859E-02
Time Step     34, #PI:      1, #TPI:     71 , MGM: Poisson Ite:     35 , Max Laplace Ite:     14 , MGM Ite:     13 , MGM Vel_Err:   0.672859E-02
Time Step     34, #PI:      1, #TPI:     72 , MGM: Poisson Ite:     33 , Max Laplace Ite:     14 , MGM Ite:     17 , MGM Vel_Err:   0.672859E-02
Time Step     35, #PI:      1, #TPI:     73 , MGM: Poisson Ite:     35 , Max Laplace Ite:     14 , MGM Ite:     14 , MGM Vel_Err:   0.672859E-02
Time Step     35, #PI:      1, #TPI:     74 , MGM: Poisson Ite:     33 , Max Laplace Ite:     14 , MGM Ite:     18 , MGM Vel_Err:   0.672859E-02
Time Step     36, #PI:      1, #TPI:     75 , MGM: Poisson Ite:     35 , Max Laplace Ite:     14 , MGM Ite:     16 , MGM Vel_Err:   0.672859E-02
Time Step     36, #PI:      1, #TPI:     76 , MGM: Poisson Ite:     33 , Max Laplace Ite:     14 , MGM Ite:     19 , MGM Vel_Err:   0.676274E-02
Time Step     37, #PI:      1, #TPI:     77 , MGM: Poisson Ite:     35 , Max Laplace Ite:     14 , MGM Ite:     17 , MGM Vel_Err:   0.676274E-02
Time Step     37, #PI:      1, #TPI:     78 , MGM: Poisson Ite:     33 , Max Laplace Ite:     14 , MGM Ite:     21 , MGM Vel_Err:   0.698043E-02
Time Step     38, #PI:      1, #TPI:     79 , MGM: Poisson Ite:     35 , Max Laplace Ite:     14 , MGM Ite:     18 , MGM Vel_Err:   0.698043E-02
Time Step     38, #PI:      1, #TPI:     80 , MGM: Poisson Ite:     35 , Max Laplace Ite:     14 , MGM Ite:     22 , MGM Vel_Err:   0.720017E-02
Time Step     39, #PI:      1, #TPI:     81 , MGM: Poisson Ite:     35 , Max Laplace Ite:     14 , MGM Ite:     19 , MGM Vel_Err:   0.720017E-02
Time Step     39, #PI:      1, #TPI:     82 , MGM: Poisson Ite:     35 , Max Laplace Ite:     14 , MGM Ite:     12 , MGM Vel_Err:   0.720017E-02
Time Step     39, #PI:      1, #TPI:     83 , MGM: Poisson Ite:     33 , Max Laplace Ite:     14 , MGM Ite:     15 , MGM Vel_Err:   0.720017E-02
Time Step     40, #PI:      1, #TPI:     84 , MGM: Poisson Ite:     35 , Max Laplace Ite:     14 , MGM Ite:     13 , MGM Vel_Err:   0.720017E-02
Time Step     40, #PI:      1, #TPI:     85 , MGM: Poisson Ite:     33 , Max Laplace Ite:     14 , MGM Ite:     16 , MGM Vel_Err:   0.720017E-02
Time Step     41, #PI:      1, #TPI:     86 , MGM: Poisson Ite:     35 , Max Laplace Ite:     14 , MGM Ite:     14 , MGM Vel_Err:   0.720017E-02
Time Step     41, #PI:      1, #TPI:     87 , MGM: Poisson Ite:     33 , Max Laplace Ite:     14 , MGM Ite:     17 , MGM Vel_Err:   0.720017E-02
Time Step     42, #PI:      1, #TPI:     88 , MGM: Poisson Ite:     35 , Max Laplace Ite:     14 , MGM Ite:     15 , MGM Vel_Err:   0.720017E-02
Time Step     42, #PI:      1, #TPI:     89 , MGM: Poisson Ite:     33 , Max Laplace Ite:     14 , MGM Ite:     18 , MGM Vel_Err:   0.720017E-02
Time Step     43, #PI:      1, #TPI:     90 , MGM: Poisson Ite:     35 , Max Laplace Ite:     14 , MGM Ite:     16 , MGM Vel_Err:   0.720017E-02
Time Step     43, #PI:      1, #TPI:     91 , MGM: Poisson Ite:     33 , Max Laplace Ite:     14 , MGM Ite:     19 , MGM Vel_Err:   0.729866E-02
Time Step     44, #PI:      1, #TPI:     92 , MGM: Poisson Ite:     35 , Max Laplace Ite:     14 , MGM Ite:     17 , MGM Vel_Err:   0.729866E-02
Time Step     44, #PI:      1, #TPI:     93 , MGM: Poisson Ite:     35 , Max Laplace Ite:     14 , MGM Ite:     21 , MGM Vel_Err:   0.748095E-02
Time Step     45, #PI:      1, #TPI:     94 , MGM: Poisson Ite:     35 , Max Laplace Ite:     14 , MGM Ite:     18 , MGM Vel_Err:   0.748095E-02
Time Step     45, #PI:      1, #TPI:     95 , MGM: Poisson Ite:     35 , Max Laplace Ite:     14 , MGM Ite:     22 , MGM Vel_Err:   0.766403E-02
Time Step     46, #PI:      1, #TPI:     96 , MGM: Poisson Ite:     35 , Max Laplace Ite:     14 , MGM Ite:     19 , MGM Vel_Err:   0.766403E-02
Time Step     46, #PI:      1, #TPI:     97 , MGM: Poisson Ite:     35 , Max Laplace Ite:     14 , MGM Ite:     23 , MGM Vel_Err:   0.784838E-02
Time Step     47, #PI:      1, #TPI:     98 , MGM: Poisson Ite:     35 , Max Laplace Ite:     14 , MGM Ite:     20 , MGM Vel_Err:   0.784838E-02
Time Step     47, #PI:      1, #TPI:     99 , MGM: Poisson Ite:     35 , Max Laplace Ite:     14 , MGM Ite:     13 , MGM Vel_Err:   0.784838E-02
Time Step     47, #PI:      1, #TPI:    100 , MGM: Poisson Ite:     33 , Max Laplace Ite:     14 , MGM Ite:     16 , MGM Vel_Err:   0.784838E-02
Time Step     48, #PI:      1, #TPI:    101 , MGM: Poisson Ite:     35 , Max Laplace Ite:     14 , MGM Ite:     14 , MGM Vel_Err:   0.784838E-02
Time Step     48, #PI:      1, #TPI:    102 , MGM: Poisson Ite:     33 , Max Laplace Ite:     14 , MGM Ite:     17 , MGM Vel_Err:   0.784838E-02
Time Step     49, #PI:      1, #TPI:    103 , MGM: Poisson Ite:     35 , Max Laplace Ite:     14 , MGM Ite:     15 , MGM Vel_Err:   0.784838E-02
Time Step     49, #PI:      1, #TPI:    104 , MGM: Poisson Ite:     34 , Max Laplace Ite:     14 , MGM Ite:     18 , MGM Vel_Err:   0.784838E-02
Time Step     50, #PI:      1, #TPI:    105 , MGM: Poisson Ite:     35 , Max Laplace Ite:     14 , MGM Ite:     16 , MGM Vel_Err:   0.784838E-02
Time Step     50, #PI:      1, #TPI:    106 , MGM: Poisson Ite:     35 , Max Laplace Ite:     14 , MGM Ite:     19 , MGM Vel_Err:   0.784838E-02
Time Step     51, #PI:      1, #TPI:    107 , MGM: Poisson Ite:     35 , Max Laplace Ite:     14 , MGM Ite:     16 , MGM Vel_Err:   0.784838E-02
Time Step     51, #PI:      1, #TPI:    108 , MGM: Poisson Ite:     35 , Max Laplace Ite:     14 , MGM Ite:     20 , MGM Vel_Err:   0.784838E-02
Time Step     52, #PI:      1, #TPI:    109 , MGM: Poisson Ite:     35 , Max Laplace Ite:     14 , MGM Ite:     17 , MGM Vel_Err:   0.784838E-02
Time Step     52, #PI:      1, #TPI:    110 , MGM: Poisson Ite:     35 , Max Laplace Ite:     14 , MGM Ite:     21 , MGM Vel_Err:   0.787318E-02
Time Step     53, #PI:      1, #TPI:    111 , MGM: Poisson Ite:     35 , Max Laplace Ite:     14 , MGM Ite:     18 , MGM Vel_Err:   0.787318E-02
Time Step     53, #PI:      1, #TPI:    112 , MGM: Poisson Ite:     35 , Max Laplace Ite:     14 , MGM Ite:     22 , MGM Vel_Err:   0.802275E-02
Time Step     54, #PI:      1, #TPI:    113 , MGM: Poisson Ite:     35 , Max Laplace Ite:     14 , MGM Ite:     20 , MGM Vel_Err:   0.802275E-02
Time Step     54, #PI:      1, #TPI:    114 , MGM: Poisson Ite:     35 , Max Laplace Ite:     14 , MGM Ite:     23 , MGM Vel_Err:   0.817220E-02
Time Step     55, #PI:      1, #TPI:    115 , MGM: Poisson Ite:     35 , Max Laplace Ite:     14 , MGM Ite:     21 , MGM Vel_Err:   0.817220E-02
Time Step     55, #PI:      1, #TPI:    116 , MGM: Poisson Ite:     35 , Max Laplace Ite:     14 , MGM Ite:     25 , MGM Vel_Err:   0.832260E-02
Time Step     56, #PI:      1, #TPI:    117 , MGM: Poisson Ite:     35 , Max Laplace Ite:     14 , MGM Ite:     22 , MGM Vel_Err:   0.832260E-02
Time Step     56, #PI:      1, #TPI:    118 , MGM: Poisson Ite:     35 , Max Laplace Ite:     14 , MGM Ite:     26 , MGM Vel_Err:   0.847311E-02
Time Step     57, #PI:      1, #TPI:    119 , MGM: Poisson Ite:     35 , Max Laplace Ite:     14 , MGM Ite:     23 , MGM Vel_Err:   0.847311E-02
Time Step     57, #PI:      1, #TPI:    120 , MGM: Poisson Ite:     35 , Max Laplace Ite:     14 , MGM Ite:     15 , MGM Vel_Err:   0.847311E-02
Time Step     57, #PI:      1, #TPI:    121 , MGM: Poisson Ite:     35 , Max Laplace Ite:     14 , MGM Ite:     19 , MGM Vel_Err:   0.847311E-02
Time Step     58, #PI:      1, #TPI:    122 , MGM: Poisson Ite:     35 , Max Laplace Ite:     14 , MGM Ite:     16 , MGM Vel_Err:   0.847311E-02
Time Step     58, #PI:      1, #TPI:    123 , MGM: Poisson Ite:     35 , Max Laplace Ite:     14 , MGM Ite:     19 , MGM Vel_Err:   0.847311E-02
Time Step     59, #PI:      1, #TPI:    124 , MGM: Poisson Ite:     35 , Max Laplace Ite:     14 , MGM Ite:     17 , MGM Vel_Err:   0.847311E-02
Time Step     59, #PI:      1, #TPI:    125 , MGM: Poisson Ite:     35 , Max Laplace Ite:     14 , MGM Ite:     20 , MGM Vel_Err:   0.847311E-02
Time Step     60, #PI:      1, #TPI:    126 , MGM: Poisson Ite:     35 , Max Laplace Ite:     14 , MGM Ite:     18 , MGM Vel_Err:   0.847311E-02
Time Step     60, #PI:      1, #TPI:    127 , MGM: Poisson Ite:     35 , Max Laplace Ite:     14 , MGM Ite:     21 , MGM Vel_Err:   0.847311E-02
Time Step     61, #PI:      1, #TPI:    128 , MGM: Poisson Ite:     35 , Max Laplace Ite:     14 , MGM Ite:     19 , MGM Vel_Err:   0.847311E-02
Time Step     61, #PI:      1, #TPI:    129 , MGM: Poisson Ite:     35 , Max Laplace Ite:     14 , MGM Ite:     22 , MGM Vel_Err:   0.847311E-02
Time Step     62, #PI:      1, #TPI:    130 , MGM: Poisson Ite:     35 , Max Laplace Ite:     14 , MGM Ite:     20 , MGM Vel_Err:   0.847311E-02
Time Step     62, #PI:      1, #TPI:    131 , MGM: Poisson Ite:     35 , Max Laplace Ite:     14 , MGM Ite:     24 , MGM Vel_Err:   0.847311E-02
Time Step     63, #PI:      1, #TPI:    132 , MGM: Poisson Ite:     35 , Max Laplace Ite:     14 , MGM Ite:     21 , MGM Vel_Err:   0.847311E-02
Time Step     63, #PI:      1, #TPI:    133 , MGM: Poisson Ite:     35 , Max Laplace Ite:     14 , MGM Ite:     25 , MGM Vel_Err:   0.847311E-02
Time Step     64, #PI:      1, #TPI:    134 , MGM: Poisson Ite:     35 , Max Laplace Ite:     14 , MGM Ite:     22 , MGM Vel_Err:   0.847311E-02
Time Step     64, #PI:      1, #TPI:    135 , MGM: Poisson Ite:     35 , Max Laplace Ite:     14 , MGM Ite:     26 , MGM Vel_Err:   0.859418E-02
Time Step     65, #PI:      1, #TPI:    136 , MGM: Poisson Ite:     35 , Max Laplace Ite:     14 , MGM Ite:     23 , MGM Vel_Err:   0.859418E-02
Time Step     65, #PI:      1, #TPI:    137 , MGM: Poisson Ite:     35 , Max Laplace Ite:     14 , MGM Ite:     27 , MGM Vel_Err:   0.871819E-02
Time Step     66, #PI:      1, #TPI:    138 , MGM: Poisson Ite:     35 , Max Laplace Ite:     14 , MGM Ite:     24 , MGM Vel_Err:   0.871819E-02
Time Step     66, #PI:      1, #TPI:    139 , MGM: Poisson Ite:     35 , Max Laplace Ite:     14 , MGM Ite:     28 , MGM Vel_Err:   0.884245E-02
Time Step     67, #PI:      1, #TPI:    140 , MGM: Poisson Ite:     35 , Max Laplace Ite:     14 , MGM Ite:     25 , MGM Vel_Err:   0.884245E-02
Time Step     67, #PI:      1, #TPI:    141 , MGM: Poisson Ite:     35 , Max Laplace Ite:     14 , MGM Ite:     29 , MGM Vel_Err:   0.896693E-02
Time Step     68, #PI:      1, #TPI:    142 , MGM: Poisson Ite:     35 , Max Laplace Ite:     14 , MGM Ite:     26 , MGM Vel_Err:   0.896693E-02
Time Step     68, #PI:      1, #TPI:    143 , MGM: Poisson Ite:     35 , Max Laplace Ite:     14 , MGM Ite:     31 , MGM Vel_Err:   0.909164E-02
Time Step     69, #PI:      1, #TPI:    144 , MGM: Poisson Ite:     35 , Max Laplace Ite:     14 , MGM Ite:     27 , MGM Vel_Err:   0.909164E-02
Time Step     69, #PI:      1, #TPI:    145 , MGM: Poisson Ite:     35 , Max Laplace Ite:     14 , MGM Ite:     32 , MGM Vel_Err:   0.921627E-02
Time Step     70, #PI:      1, #TPI:    146 , MGM: Poisson Ite:     35 , Max Laplace Ite:     14 , MGM Ite:     29 , MGM Vel_Err:   0.921627E-02
Time Step     70, #PI:      1, #TPI:    147 , MGM: Poisson Ite:     35 , Max Laplace Ite:     14 , MGM Ite:     20 , MGM Vel_Err:   0.921627E-02
Time Step     70, #PI:      1, #TPI:    148 , MGM: Poisson Ite:     35 , Max Laplace Ite:     14 , MGM Ite:     23 , MGM Vel_Err:   0.921627E-02
Time Step     71, #PI:      1, #TPI:    149 , MGM: Poisson Ite:     35 , Max Laplace Ite:     14 , MGM Ite:     20 , MGM Vel_Err:   0.921627E-02
Time Step     71, #PI:      1, #TPI:    150 , MGM: Poisson Ite:     35 , Max Laplace Ite:     14 , MGM Ite:     24 , MGM Vel_Err:   0.921627E-02
Time Step     72, #PI:      1, #TPI:    151 , MGM: Poisson Ite:     35 , Max Laplace Ite:     14 , MGM Ite:     21 , MGM Vel_Err:   0.921627E-02
Time Step     72, #PI:      1, #TPI:    152 , MGM: Poisson Ite:     35 , Max Laplace Ite:     14 , MGM Ite:     25 , MGM Vel_Err:   0.921627E-02
Time Step     73, #PI:      1, #TPI:    153 , MGM: Poisson Ite:     35 , Max Laplace Ite:     14 , MGM Ite:     22 , MGM Vel_Err:   0.921627E-02
Time Step     73, #PI:      1, #TPI:    154 , MGM: Poisson Ite:     35 , Max Laplace Ite:     14 , MGM Ite:     26 , MGM Vel_Err:   0.921627E-02
Time Step     74, #PI:      1, #TPI:    155 , MGM: Poisson Ite:     35 , Max Laplace Ite:     14 , MGM Ite:     23 , MGM Vel_Err:   0.921627E-02
Time Step     74, #PI:      1, #TPI:    156 , MGM: Poisson Ite:     35 , Max Laplace Ite:     14 , MGM Ite:     27 , MGM Vel_Err:   0.921627E-02
Time Step     75, #PI:      1, #TPI:    157 , MGM: Poisson Ite:     35 , Max Laplace Ite:     14 , MGM Ite:     24 , MGM Vel_Err:   0.921627E-02
Time Step     75, #PI:      1, #TPI:    158 , MGM: Poisson Ite:     35 , Max Laplace Ite:     14 , MGM Ite:     28 , MGM Vel_Err:   0.921627E-02
Time Step     76, #PI:      1, #TPI:    159 , MGM: Poisson Ite:     35 , Max Laplace Ite:     14 , MGM Ite:     25 , MGM Vel_Err:   0.921627E-02
Time Step     76, #PI:      1, #TPI:    160 , MGM: Poisson Ite:     35 , Max Laplace Ite:     14 , MGM Ite:     29 , MGM Vel_Err:   0.921627E-02
Time Step     77, #PI:      1, #TPI:    161 , MGM: Poisson Ite:     35 , Max Laplace Ite:     14 , MGM Ite:     26 , MGM Vel_Err:   0.921627E-02
Time Step     77, #PI:      1, #TPI:    162 , MGM: Poisson Ite:     35 , Max Laplace Ite:     14 , MGM Ite:     30 , MGM Vel_Err:   0.921627E-02
Time Step     78, #PI:      1, #TPI:    163 , MGM: Poisson Ite:     35 , Max Laplace Ite:     14 , MGM Ite:     27 , MGM Vel_Err:   0.921627E-02
Time Step     78, #PI:      1, #TPI:    164 , MGM: Poisson Ite:     35 , Max Laplace Ite:     14 , MGM Ite:     32 , MGM Vel_Err:   0.921627E-02
Time Step     79, #PI:      1, #TPI:    165 , MGM: Poisson Ite:     35 , Max Laplace Ite:     14 , MGM Ite:     28 , MGM Vel_Err:   0.921627E-02
Time Step     79, #PI:      1, #TPI:    166 , MGM: Poisson Ite:     35 , Max Laplace Ite:     14 , MGM Ite:     33 , MGM Vel_Err:   0.930532E-02
Time Step     80, #PI:      1, #TPI:    167 , MGM: Poisson Ite:     35 , Max Laplace Ite:     14 , MGM Ite:     29 , MGM Vel_Err:   0.930532E-02
Time Step     80, #PI:      1, #TPI:    168 , MGM: Poisson Ite:     35 , Max Laplace Ite:     14 , MGM Ite:     34 , MGM Vel_Err:   0.940745E-02
Time Step     81, #PI:      1, #TPI:    169 , MGM: Poisson Ite:     35 , Max Laplace Ite:     14 , MGM Ite:     30 , MGM Vel_Err:   0.940745E-02
Time Step     81, #PI:      1, #TPI:    170 , MGM: Poisson Ite:     35 , Max Laplace Ite:     14 , MGM Ite:     35 , MGM Vel_Err:   0.950968E-02
Time Step     82, #PI:      1, #TPI:    171 , MGM: Poisson Ite:     35 , Max Laplace Ite:     14 , MGM Ite:     32 , MGM Vel_Err:   0.950968E-02
Time Step     82, #PI:      1, #TPI:    172 , MGM: Poisson Ite:     35 , Max Laplace Ite:     14 , MGM Ite:     36 , MGM Vel_Err:   0.961142E-02
Time Step     83, #PI:      1, #TPI:    173 , MGM: Poisson Ite:     35 , Max Laplace Ite:     14 , MGM Ite:     33 , MGM Vel_Err:   0.961142E-02
Time Step     83, #PI:      1, #TPI:    174 , MGM: Poisson Ite:     35 , Max Laplace Ite:     14 , MGM Ite:     38 , MGM Vel_Err:   0.971380E-02
Time Step     84, #PI:      1, #TPI:    175 , MGM: Poisson Ite:     35 , Max Laplace Ite:     14 , MGM Ite:     34 , MGM Vel_Err:   0.971380E-02
Time Step     84, #PI:      1, #TPI:    176 , MGM: Poisson Ite:     35 , Max Laplace Ite:     14 , MGM Ite:     39 , MGM Vel_Err:   0.981596E-02
Time Step     85, #PI:      1, #TPI:    177 , MGM: Poisson Ite:     35 , Max Laplace Ite:     14 , MGM Ite:     35 , MGM Vel_Err:   0.981596E-02
Time Step     85, #PI:      1, #TPI:    178 , MGM: Poisson Ite:     35 , Max Laplace Ite:     14 , MGM Ite:     40 , MGM Vel_Err:   0.991849E-02
Time Step     86, #PI:      1, #TPI:    179 , MGM: Poisson Ite:     35 , Max Laplace Ite:     14 , MGM Ite:     36 , MGM Vel_Err:   0.991849E-02
Time Step     86, #PI:      1, #TPI:    180 , MGM: Poisson Ite:     35 , Max Laplace Ite:     14 , MGM Ite:     42 , MGM Vel_Err:   0.100211E-01
Time Step     87, #PI:      1, #TPI:    181 , MGM: Poisson Ite:     35 , Max Laplace Ite:     14 , MGM Ite:     38 , MGM Vel_Err:   0.100211E-01
Time Step     87, #PI:      1, #TPI:    182 , MGM: Poisson Ite:     35 , Max Laplace Ite:     14 , MGM Ite:     26 , MGM Vel_Err:   0.100211E-01
Time Step     87, #PI:      1, #TPI:    183 , MGM: Poisson Ite:     35 , Max Laplace Ite:     14 , MGM Ite:     31 , MGM Vel_Err:   0.100211E-01
Time Step     88, #PI:      1, #TPI:    184 , MGM: Poisson Ite:     35 , Max Laplace Ite:     14 , MGM Ite:     27 , MGM Vel_Err:   0.100211E-01
Time Step     88, #PI:      1, #TPI:    185 , MGM: Poisson Ite:     35 , Max Laplace Ite:     14 , MGM Ite:     32 , MGM Vel_Err:   0.100211E-01
Time Step     89, #PI:      1, #TPI:    186 , MGM: Poisson Ite:     35 , Max Laplace Ite:     14 , MGM Ite:     28 , MGM Vel_Err:   0.100211E-01
Time Step     89, #PI:      1, #TPI:    187 , MGM: Poisson Ite:     35 , Max Laplace Ite:     14 , MGM Ite:     33 , MGM Vel_Err:   0.100211E-01
Time Step     90, #PI:      1, #TPI:    188 , MGM: Poisson Ite:     35 , Max Laplace Ite:     14 , MGM Ite:     29 , MGM Vel_Err:   0.100211E-01
Time Step     90, #PI:      1, #TPI:    189 , MGM: Poisson Ite:     35 , Max Laplace Ite:     14 , MGM Ite:     34 , MGM Vel_Err:   0.100211E-01
Time Step     91, #PI:      1, #TPI:    190 , MGM: Poisson Ite:     35 , Max Laplace Ite:     14 , MGM Ite:     30 , MGM Vel_Err:   0.100211E-01
Time Step     91, #PI:      1, #TPI:    191 , MGM: Poisson Ite:     35 , Max Laplace Ite:     14 , MGM Ite:     35 , MGM Vel_Err:   0.100211E-01
Time Step     92, #PI:      1, #TPI:    192 , MGM: Poisson Ite:     35 , Max Laplace Ite:     14 , MGM Ite:     31 , MGM Vel_Err:   0.100211E-01
Time Step     92, #PI:      1, #TPI:    193 , MGM: Poisson Ite:     35 , Max Laplace Ite:     14 , MGM Ite:     36 , MGM Vel_Err:   0.100211E-01
Time Step     93, #PI:      1, #TPI:    194 , MGM: Poisson Ite:     35 , Max Laplace Ite:     14 , MGM Ite:     32 , MGM Vel_Err:   0.100211E-01
Time Step     93, #PI:      1, #TPI:    195 , MGM: Poisson Ite:     35 , Max Laplace Ite:     14 , MGM Ite:     37 , MGM Vel_Err:   0.100211E-01
Time Step     94, #PI:      1, #TPI:    196 , MGM: Poisson Ite:     35 , Max Laplace Ite:     14 , MGM Ite:     33 , MGM Vel_Err:   0.100211E-01
Time Step     94, #PI:      1, #TPI:    197 , MGM: Poisson Ite:     35 , Max Laplace Ite:     14 , MGM Ite:     38 , MGM Vel_Err:   0.100211E-01
Time Step     95, #PI:      1, #TPI:    198 , MGM: Poisson Ite:     35 , Max Laplace Ite:     14 , MGM Ite:     34 , MGM Vel_Err:   0.100211E-01
Time Step     95, #PI:      1, #TPI:    199 , MGM: Poisson Ite:     35 , Max Laplace Ite:     14 , MGM Ite:     39 , MGM Vel_Err:   0.100211E-01
Time Step     96, #PI:      1, #TPI:    200 , MGM: Poisson Ite:     35 , Max Laplace Ite:     14 , MGM Ite:     35 , MGM Vel_Err:   0.100211E-01
Time Step     96, #PI:      1, #TPI:    201 , MGM: Poisson Ite:     35 , Max Laplace Ite:     14 , MGM Ite:     40 , MGM Vel_Err:   0.100211E-01
Time Step     97, #PI:      1, #TPI:    202 , MGM: Poisson Ite:     35 , Max Laplace Ite:     14 , MGM Ite:     36 , MGM Vel_Err:   0.100211E-01
Time Step     97, #PI:      1, #TPI:    203 , MGM: Poisson Ite:     35 , Max Laplace Ite:     14 , MGM Ite:     42 , MGM Vel_Err:   0.100211E-01
Time Step     98, #PI:      1, #TPI:    204 , MGM: Poisson Ite:     35 , Max Laplace Ite:     14 , MGM Ite:     38 , MGM Vel_Err:   0.100211E-01
Time Step     98, #PI:      1, #TPI:    205 , MGM: Poisson Ite:     35 , Max Laplace Ite:     14 , MGM Ite:     43 , MGM Vel_Err:   0.100242E-01
Time Step     99, #PI:      1, #TPI:    206 , MGM: Poisson Ite:     35 , Max Laplace Ite:     14 , MGM Ite:     39 , MGM Vel_Err:   0.100242E-01
Time Step     99, #PI:      1, #TPI:    207 , MGM: Poisson Ite:     35 , Max Laplace Ite:     14 , MGM Ite:     44 , MGM Vel_Err:   0.101077E-01
Time Step    100, #PI:      1, #TPI:    208 , MGM: Poisson Ite:     35 , Max Laplace Ite:     14 , MGM Ite:     40 , MGM Vel_Err:   0.101077E-01
Time Step    100, #PI:      1, #TPI:    209 , MGM: Poisson Ite:     35 , Max Laplace Ite:     14 , MGM Ite:     45 , MGM Vel_Err:   0.101914E-01
Time Step    101, #PI:      1, #TPI:    210 , MGM: Poisson Ite:     35 , Max Laplace Ite:     14 , MGM Ite:     41 , MGM Vel_Err:   0.101914E-01
Time Step    101, #PI:      1, #TPI:    211 , MGM: Poisson Ite:     35 , Max Laplace Ite:     14 , MGM Ite:     46 , MGM Vel_Err:   0.102750E-01
Time Step    102, #PI:      1, #TPI:    212 , MGM: Poisson Ite:     35 , Max Laplace Ite:     14 , MGM Ite:     42 , MGM Vel_Err:   0.102750E-01
Time Step    102, #PI:      1, #TPI:    213 , MGM: Poisson Ite:     35 , Max Laplace Ite:     14 , MGM Ite:     48 , MGM Vel_Err:   0.103587E-01
Time Step    103, #PI:      1, #TPI:    214 , MGM: Poisson Ite:     35 , Max Laplace Ite:     14 , MGM Ite:     43 , MGM Vel_Err:   0.103587E-01
Time Step    103, #PI:      1, #TPI:    215 , MGM: Poisson Ite:     35 , Max Laplace Ite:     14 , MGM Ite:     49 , MGM Vel_Err:   0.104422E-01
Time Step    104, #PI:      1, #TPI:    216 , MGM: Poisson Ite:     35 , Max Laplace Ite:     14 , MGM Ite:     45 , MGM Vel_Err:   0.104422E-01
Time Step    104, #PI:      1, #TPI:    217 , MGM: Poisson Ite:     35 , Max Laplace Ite:     14 , MGM Ite:     50 , MGM Vel_Err:   0.105254E-01
Time Step    105, #PI:      1, #TPI:    218 , MGM: Poisson Ite:     35 , Max Laplace Ite:     14 , MGM Ite:     46 , MGM Vel_Err:   0.105254E-01
Time Step    105, #PI:      1, #TPI:    219 , MGM: Poisson Ite:     35 , Max Laplace Ite:     14 , MGM Ite:     52 , MGM Vel_Err:   0.106092E-01
Time Step    106, #PI:      1, #TPI:    220 , MGM: Poisson Ite:     35 , Max Laplace Ite:     14 , MGM Ite:     47 , MGM Vel_Err:   0.106092E-01
Time Step    106, #PI:      1, #TPI:    221 , MGM: Poisson Ite:     35 , Max Laplace Ite:     14 , MGM Ite:     53 , MGM Vel_Err:   0.106929E-01
Time Step    107, #PI:      1, #TPI:    222 , MGM: Poisson Ite:     35 , Max Laplace Ite:     14 , MGM Ite:     48 , MGM Vel_Err:   0.106929E-01
Time Step    107, #PI:      1, #TPI:    223 , MGM: Poisson Ite:     35 , Max Laplace Ite:     14 , MGM Ite:     54 , MGM Vel_Err:   0.107768E-01
Time Step    108, #PI:      1, #TPI:    224 , MGM: Poisson Ite:     35 , Max Laplace Ite:     14 , MGM Ite:     50 , MGM Vel_Err:   0.107768E-01
Time Step    108, #PI:      1, #TPI:    225 , MGM: Poisson Ite:     35 , Max Laplace Ite:     14 , MGM Ite:     55 , MGM Vel_Err:   0.108602E-01
Time Step    109, #PI:      1, #TPI:    226 , MGM: Poisson Ite:     35 , Max Laplace Ite:     14 , MGM Ite:     51 , MGM Vel_Err:   0.108602E-01
Time Step    109, #PI:      1, #TPI:    227 , MGM: Poisson Ite:     35 , Max Laplace Ite:     15 , MGM Ite:     57 , MGM Vel_Err:   0.109443E-01
Time Step    110, #PI:      1, #TPI:    228 , MGM: Poisson Ite:     35 , Max Laplace Ite:     15 , MGM Ite:     52 , MGM Vel_Err:   0.109443E-01
Time Step    110, #PI:      1, #TPI:    229 , MGM: Poisson Ite:     35 , Max Laplace Ite:     15 , MGM Ite:     38 , MGM Vel_Err:   0.109443E-01
Time Step    110, #PI:      1, #TPI:    230 , MGM: Poisson Ite:     35 , Max Laplace Ite:     15 , MGM Ite:     43 , MGM Vel_Err:   0.109443E-01
Time Step    111, #PI:      1, #TPI:    231 , MGM: Poisson Ite:     35 , Max Laplace Ite:     15 , MGM Ite:     39 , MGM Vel_Err:   0.109443E-01
Time Step    111, #PI:      1, #TPI:    232 , MGM: Poisson Ite:     35 , Max Laplace Ite:     15 , MGM Ite:     44 , MGM Vel_Err:   0.109443E-01
Time Step    112, #PI:      1, #TPI:    233 , MGM: Poisson Ite:     35 , Max Laplace Ite:     15 , MGM Ite:     40 , MGM Vel_Err:   0.109443E-01
Time Step    112, #PI:      1, #TPI:    234 , MGM: Poisson Ite:     35 , Max Laplace Ite:     15 , MGM Ite:     45 , MGM Vel_Err:   0.109443E-01
Time Step    113, #PI:      1, #TPI:    235 , MGM: Poisson Ite:     35 , Max Laplace Ite:     15 , MGM Ite:     41 , MGM Vel_Err:   0.109443E-01
Time Step    113, #PI:      1, #TPI:    236 , MGM: Poisson Ite:     35 , Max Laplace Ite:     15 , MGM Ite:     46 , MGM Vel_Err:   0.109443E-01
Time Step    114, #PI:      1, #TPI:    237 , MGM: Poisson Ite:     35 , Max Laplace Ite:     15 , MGM Ite:     42 , MGM Vel_Err:   0.109443E-01
Time Step    114, #PI:      1, #TPI:    238 , MGM: Poisson Ite:     35 , Max Laplace Ite:     15 , MGM Ite:     47 , MGM Vel_Err:   0.109443E-01
Time Step    115, #PI:      1, #TPI:    239 , MGM: Poisson Ite:     35 , Max Laplace Ite:     15 , MGM Ite:     43 , MGM Vel_Err:   0.109443E-01
Time Step    115, #PI:      1, #TPI:    240 , MGM: Poisson Ite:     35 , Max Laplace Ite:     15 , MGM Ite:     48 , MGM Vel_Err:   0.109443E-01
Time Step    116, #PI:      1, #TPI:    241 , MGM: Poisson Ite:     35 , Max Laplace Ite:     15 , MGM Ite:     44 , MGM Vel_Err:   0.109443E-01
Time Step    116, #PI:      1, #TPI:    242 , MGM: Poisson Ite:     35 , Max Laplace Ite:     15 , MGM Ite:     49 , MGM Vel_Err:   0.109443E-01
Time Step    117, #PI:      1, #TPI:    243 , MGM: Poisson Ite:     35 , Max Laplace Ite:     15 , MGM Ite:     45 , MGM Vel_Err:   0.109443E-01
Time Step    117, #PI:      1, #TPI:    244 , MGM: Poisson Ite:     35 , Max Laplace Ite:     15 , MGM Ite:     50 , MGM Vel_Err:   0.109443E-01
Time Step    118, #PI:      1, #TPI:    245 , MGM: Poisson Ite:     35 , Max Laplace Ite:     15 , MGM Ite:     46 , MGM Vel_Err:   0.109443E-01
Time Step    118, #PI:      1, #TPI:    246 , MGM: Poisson Ite:     35 , Max Laplace Ite:     15 , MGM Ite:     51 , MGM Vel_Err:   0.109443E-01
Time Step    119, #PI:      1, #TPI:    247 , MGM: Poisson Ite:     35 , Max Laplace Ite:     15 , MGM Ite:     47 , MGM Vel_Err:   0.109443E-01
Time Step    119, #PI:      1, #TPI:    248 , MGM: Poisson Ite:     35 , Max Laplace Ite:     15 , MGM Ite:     52 , MGM Vel_Err:   0.109443E-01
Time Step    120, #PI:      1, #TPI:    249 , MGM: Poisson Ite:     36 , Max Laplace Ite:     15 , MGM Ite:     48 , MGM Vel_Err:   0.109443E-01
Time Step    120, #PI:      1, #TPI:    250 , MGM: Poisson Ite:     36 , Max Laplace Ite:     15 , MGM Ite:     53 , MGM Vel_Err:   0.109443E-01
Time Step    121, #PI:      1, #TPI:    251 , MGM: Poisson Ite:     36 , Max Laplace Ite:     15 , MGM Ite:     49 , MGM Vel_Err:   0.109443E-01
Time Step    121, #PI:      1, #TPI:    252 , MGM: Poisson Ite:     36 , Max Laplace Ite:     15 , MGM Ite:     54 , MGM Vel_Err:   0.109443E-01
Time Step    122, #PI:      1, #TPI:    253 , MGM: Poisson Ite:     36 , Max Laplace Ite:     15 , MGM Ite:     50 , MGM Vel_Err:   0.109443E-01
Time Step    122, #PI:      1, #TPI:    254 , MGM: Poisson Ite:     36 , Max Laplace Ite:     15 , MGM Ite:     56 , MGM Vel_Err:   0.109443E-01
Time Step    123, #PI:      1, #TPI:    255 , MGM: Poisson Ite:     36 , Max Laplace Ite:     15 , MGM Ite:     51 , MGM Vel_Err:   0.109443E-01
Time Step    123, #PI:      1, #TPI:    256 , MGM: Poisson Ite:     36 , Max Laplace Ite:     15 , MGM Ite:     57 , MGM Vel_Err:   0.109443E-01
Time Step    124, #PI:      1, #TPI:    257 , MGM: Poisson Ite:     36 , Max Laplace Ite:     15 , MGM Ite:     52 , MGM Vel_Err:   0.109443E-01
Time Step    124, #PI:      1, #TPI:    258 , MGM: Poisson Ite:     36 , Max Laplace Ite:     15 , MGM Ite:     58 , MGM Vel_Err:   0.109443E-01
Time Step    125, #PI:      1, #TPI:    259 , MGM: Poisson Ite:     36 , Max Laplace Ite:     15 , MGM Ite:     53 , MGM Vel_Err:   0.109443E-01
Time Step    125, #PI:      1, #TPI:    260 , MGM: Poisson Ite:     36 , Max Laplace Ite:     15 , MGM Ite:     59 , MGM Vel_Err:   0.109443E-01
Time Step    126, #PI:      1, #TPI:    261 , MGM: Poisson Ite:     36 , Max Laplace Ite:     15 , MGM Ite:     54 , MGM Vel_Err:   0.109443E-01
Time Step    126, #PI:      1, #TPI:    262 , MGM: Poisson Ite:     36 , Max Laplace Ite:     15 , MGM Ite:     60 , MGM Vel_Err:   0.110029E-01
Time Step    127, #PI:      1, #TPI:    263 , MGM: Poisson Ite:     36 , Max Laplace Ite:     15 , MGM Ite:     55 , MGM Vel_Err:   0.110029E-01
Time Step    127, #PI:      1, #TPI:    264 , MGM: Poisson Ite:     36 , Max Laplace Ite:     15 , MGM Ite:     61 , MGM Vel_Err:   0.110713E-01
Time Step    128, #PI:      1, #TPI:    265 , MGM: Poisson Ite:     36 , Max Laplace Ite:     15 , MGM Ite:     57 , MGM Vel_Err:   0.110713E-01
Time Step    128, #PI:      1, #TPI:    266 , MGM: Poisson Ite:     37 , Max Laplace Ite:     15 , MGM Ite:     62 , MGM Vel_Err:   0.111393E-01
Time Step    129, #PI:      1, #TPI:    267 , MGM: Poisson Ite:     36 , Max Laplace Ite:     15 , MGM Ite:     58 , MGM Vel_Err:   0.111393E-01
Time Step    129, #PI:      1, #TPI:    268 , MGM: Poisson Ite:     36 , Max Laplace Ite:     15 , MGM Ite:     63 , MGM Vel_Err:   0.112078E-01
Time Step    130, #PI:      1, #TPI:    269 , MGM: Poisson Ite:     37 , Max Laplace Ite:     15 , MGM Ite:     59 , MGM Vel_Err:   0.112078E-01
Time Step    130, #PI:      1, #TPI:    270 , MGM: Poisson Ite:     37 , Max Laplace Ite:     15 , MGM Ite:     65 , MGM Vel_Err:   0.112764E-01
Time Step    131, #PI:      1, #TPI:    271 , MGM: Poisson Ite:     37 , Max Laplace Ite:     15 , MGM Ite:     60 , MGM Vel_Err:   0.112764E-01
Time Step    131, #PI:      1, #TPI:    272 , MGM: Poisson Ite:     37 , Max Laplace Ite:     15 , MGM Ite:     66 , MGM Vel_Err:   0.113448E-01
Time Step    132, #PI:      1, #TPI:    273 , MGM: Poisson Ite:     37 , Max Laplace Ite:     15 , MGM Ite:     61 , MGM Vel_Err:   0.113448E-01
Time Step    132, #PI:      1, #TPI:    274 , MGM: Poisson Ite:     37 , Max Laplace Ite:     15 , MGM Ite:     67 , MGM Vel_Err:   0.114135E-01
Time Step    133, #PI:      1, #TPI:    275 , MGM: Poisson Ite:     37 , Max Laplace Ite:     15 , MGM Ite:     62 , MGM Vel_Err:   0.114135E-01
Time Step    133, #PI:      1, #TPI:    276 , MGM: Poisson Ite:     37 , Max Laplace Ite:     15 , MGM Ite:     68 , MGM Vel_Err:   0.114823E-01
Time Step    134, #PI:      1, #TPI:    277 , MGM: Poisson Ite:     37 , Max Laplace Ite:     15 , MGM Ite:     63 , MGM Vel_Err:   0.114823E-01
Time Step    134, #PI:      1, #TPI:    278 , MGM: Poisson Ite:     37 , Max Laplace Ite:     15 , MGM Ite:     69 , MGM Vel_Err:   0.115511E-01
Time Step    135, #PI:      1, #TPI:    279 , MGM: Poisson Ite:     37 , Max Laplace Ite:     15 , MGM Ite:     65 , MGM Vel_Err:   0.115511E-01
Time Step    135, #PI:      1, #TPI:    280 , MGM: Poisson Ite:     37 , Max Laplace Ite:     15 , MGM Ite:     70 , MGM Vel_Err:   0.116194E-01
Time Step    136, #PI:      1, #TPI:    281 , MGM: Poisson Ite:     37 , Max Laplace Ite:     15 , MGM Ite:     66 , MGM Vel_Err:   0.116194E-01
Time Step    136, #PI:      1, #TPI:    282 , MGM: Poisson Ite:     37 , Max Laplace Ite:     15 , MGM Ite:     71 , MGM Vel_Err:   0.116884E-01
Time Step    137, #PI:      1, #TPI:    283 , MGM: Poisson Ite:     37 , Max Laplace Ite:     15 , MGM Ite:     67 , MGM Vel_Err:   0.116884E-01
Time Step    137, #PI:      1, #TPI:    284 , MGM: Poisson Ite:     37 , Max Laplace Ite:     15 , MGM Ite:     72 , MGM Vel_Err:   0.117574E-01
Time Step    138, #PI:      1, #TPI:    285 , MGM: Poisson Ite:     37 , Max Laplace Ite:     15 , MGM Ite:     68 , MGM Vel_Err:   0.117574E-01
Time Step    138, #PI:      1, #TPI:    286 , MGM: Poisson Ite:     37 , Max Laplace Ite:     15 , MGM Ite:     74 , MGM Vel_Err:   0.118264E-01
Time Step    139, #PI:      1, #TPI:    287 , MGM: Poisson Ite:     37 , Max Laplace Ite:     15 , MGM Ite:     69 , MGM Vel_Err:   0.118264E-01
Time Step    139, #PI:      1, #TPI:    288 , MGM: Poisson Ite:     37 , Max Laplace Ite:     15 , MGM Ite:     75 , MGM Vel_Err:   0.118952E-01
Time Step    140, #PI:      1, #TPI:    289 , MGM: Poisson Ite:     37 , Max Laplace Ite:     15 , MGM Ite:     70 , MGM Vel_Err:   0.118952E-01
Time Step    140, #PI:      1, #TPI:    290 , MGM: Poisson Ite:     37 , Max Laplace Ite:     15 , MGM Ite:     76 , MGM Vel_Err:   0.119644E-01
Time Step    141, #PI:      1, #TPI:    291 , MGM: Poisson Ite:     37 , Max Laplace Ite:     15 , MGM Ite:     71 , MGM Vel_Err:   0.119644E-01
Time Step    141, #PI:      1, #TPI:    292 , MGM: Poisson Ite:     37 , Max Laplace Ite:     15 , MGM Ite:     54 , MGM Vel_Err:   0.119644E-01
Time Step    141, #PI:      1, #TPI:    293 , MGM: Poisson Ite:     37 , Max Laplace Ite:     15 , MGM Ite:     59 , MGM Vel_Err:   0.119644E-01
Time Step    142, #PI:      1, #TPI:    294 , MGM: Poisson Ite:     37 , Max Laplace Ite:     15 , MGM Ite:     55 , MGM Vel_Err:   0.119644E-01
Time Step    142, #PI:      1, #TPI:    295 , MGM: Poisson Ite:     37 , Max Laplace Ite:     15 , MGM Ite:     60 , MGM Vel_Err:   0.119644E-01
Time Step    143, #PI:      1, #TPI:    296 , MGM: Poisson Ite:     37 , Max Laplace Ite:     15 , MGM Ite:     56 , MGM Vel_Err:   0.119644E-01
Time Step    143, #PI:      1, #TPI:    297 , MGM: Poisson Ite:     37 , Max Laplace Ite:     15 , MGM Ite:     61 , MGM Vel_Err:   0.119644E-01
Time Step    144, #PI:      1, #TPI:    298 , MGM: Poisson Ite:     37 , Max Laplace Ite:     15 , MGM Ite:     57 , MGM Vel_Err:   0.119644E-01
Time Step    144, #PI:      1, #TPI:    299 , MGM: Poisson Ite:     37 , Max Laplace Ite:     15 , MGM Ite:     62 , MGM Vel_Err:   0.119644E-01
Time Step    145, #PI:      1, #TPI:    300 , MGM: Poisson Ite:     37 , Max Laplace Ite:     15 , MGM Ite:     58 , MGM Vel_Err:   0.119644E-01
Time Step    145, #PI:      1, #TPI:    301 , MGM: Poisson Ite:     37 , Max Laplace Ite:     15 , MGM Ite:     63 , MGM Vel_Err:   0.119644E-01
Time Step    146, #PI:      1, #TPI:    302 , MGM: Poisson Ite:     37 , Max Laplace Ite:     15 , MGM Ite:     59 , MGM Vel_Err:   0.119644E-01
Time Step    146, #PI:      1, #TPI:    303 , MGM: Poisson Ite:     37 , Max Laplace Ite:     15 , MGM Ite:     64 , MGM Vel_Err:   0.119644E-01
Time Step    147, #PI:      1, #TPI:    304 , MGM: Poisson Ite:     38 , Max Laplace Ite:     15 , MGM Ite:     60 , MGM Vel_Err:   0.119644E-01
Time Step    147, #PI:      1, #TPI:    305 , MGM: Poisson Ite:     38 , Max Laplace Ite:     15 , MGM Ite:     65 , MGM Vel_Err:   0.119644E-01
Time Step    148, #PI:      1, #TPI:    306 , MGM: Poisson Ite:     38 , Max Laplace Ite:     15 , MGM Ite:     60 , MGM Vel_Err:   0.119644E-01
Time Step    148, #PI:      1, #TPI:    307 , MGM: Poisson Ite:     38 , Max Laplace Ite:     15 , MGM Ite:     66 , MGM Vel_Err:   0.119644E-01
Time Step    149, #PI:      1, #TPI:    308 , MGM: Poisson Ite:     38 , Max Laplace Ite:     15 , MGM Ite:     61 , MGM Vel_Err:   0.119644E-01
Time Step    149, #PI:      1, #TPI:    309 , MGM: Poisson Ite:     38 , Max Laplace Ite:     15 , MGM Ite:     67 , MGM Vel_Err:   0.119644E-01
Time Step    150, #PI:      1, #TPI:    310 , MGM: Poisson Ite:     38 , Max Laplace Ite:     15 , MGM Ite:     62 , MGM Vel_Err:   0.119644E-01
Time Step    150, #PI:      1, #TPI:    311 , MGM: Poisson Ite:     38 , Max Laplace Ite:     15 , MGM Ite:     68 , MGM Vel_Err:   0.119644E-01
Time Step    151, #PI:      1, #TPI:    312 , MGM: Poisson Ite:     38 , Max Laplace Ite:     15 , MGM Ite:     63 , MGM Vel_Err:   0.119644E-01
Time Step    151, #PI:      1, #TPI:    313 , MGM: Poisson Ite:     38 , Max Laplace Ite:     15 , MGM Ite:     69 , MGM Vel_Err:   0.119644E-01
Time Step    152, #PI:      1, #TPI:    314 , MGM: Poisson Ite:     38 , Max Laplace Ite:     15 , MGM Ite:     64 , MGM Vel_Err:   0.119644E-01
Time Step    152, #PI:      1, #TPI:    315 , MGM: Poisson Ite:     38 , Max Laplace Ite:     15 , MGM Ite:     70 , MGM Vel_Err:   0.119644E-01
Time Step    153, #PI:      1, #TPI:    316 , MGM: Poisson Ite:     38 , Max Laplace Ite:     15 , MGM Ite:     65 , MGM Vel_Err:   0.119644E-01
Time Step    153, #PI:      1, #TPI:    317 , MGM: Poisson Ite:     38 , Max Laplace Ite:     15 , MGM Ite:     71 , MGM Vel_Err:   0.119644E-01
Time Step    154, #PI:      1, #TPI:    318 , MGM: Poisson Ite:     38 , Max Laplace Ite:     15 , MGM Ite:     66 , MGM Vel_Err:   0.119644E-01
Time Step    154, #PI:      1, #TPI:    319 , MGM: Poisson Ite:     38 , Max Laplace Ite:     15 , MGM Ite:     72 , MGM Vel_Err:   0.119644E-01
Time Step    155, #PI:      1, #TPI:    320 , MGM: Poisson Ite:     38 , Max Laplace Ite:     15 , MGM Ite:     67 , MGM Vel_Err:   0.119644E-01
Time Step    155, #PI:      1, #TPI:    321 , MGM: Poisson Ite:     38 , Max Laplace Ite:     15 , MGM Ite:     73 , MGM Vel_Err:   0.119644E-01
Time Step    156, #PI:      1, #TPI:    322 , MGM: Poisson Ite:     38 , Max Laplace Ite:     15 , MGM Ite:     68 , MGM Vel_Err:   0.119644E-01
Time Step    156, #PI:      1, #TPI:    323 , MGM: Poisson Ite:     38 , Max Laplace Ite:     15 , MGM Ite:     74 , MGM Vel_Err:   0.119644E-01
Time Step    157, #PI:      1, #TPI:    324 , MGM: Poisson Ite:     38 , Max Laplace Ite:     15 , MGM Ite:     69 , MGM Vel_Err:   0.119644E-01
Time Step    157, #PI:      1, #TPI:    325 , MGM: Poisson Ite:     38 , Max Laplace Ite:     15 , MGM Ite:     75 , MGM Vel_Err:   0.119644E-01
Time Step    158, #PI:      1, #TPI:    326 , MGM: Poisson Ite:     38 , Max Laplace Ite:     15 , MGM Ite:     70 , MGM Vel_Err:   0.119644E-01
Time Step    158, #PI:      1, #TPI:    327 , MGM: Poisson Ite:     38 , Max Laplace Ite:     15 , MGM Ite:     75 , MGM Vel_Err:   0.119644E-01
Time Step    159, #PI:      1, #TPI:    328 , MGM: Poisson Ite:     38 , Max Laplace Ite:     15 , MGM Ite:     71 , MGM Vel_Err:   0.119644E-01
Time Step    159, #PI:      1, #TPI:    329 , MGM: Poisson Ite:     39 , Max Laplace Ite:     15 , MGM Ite:     76 , MGM Vel_Err:   0.119644E-01
Time Step    160, #PI:      1, #TPI:    330 , MGM: Poisson Ite:     39 , Max Laplace Ite:     15 , MGM Ite:     72 , MGM Vel_Err:   0.119644E-01
Time Step    160, #PI:      1, #TPI:    331 , MGM: Poisson Ite:     39 , Max Laplace Ite:     15 , MGM Ite:     77 , MGM Vel_Err:   0.119644E-01
Time Step    161, #PI:      1, #TPI:    332 , MGM: Poisson Ite:     39 , Max Laplace Ite:     15 , MGM Ite:     73 , MGM Vel_Err:   0.119644E-01
Time Step    161, #PI:      1, #TPI:    333 , MGM: Poisson Ite:     39 , Max Laplace Ite:     15 , MGM Ite:     78 , MGM Vel_Err:   0.119644E-01
Time Step    162, #PI:      1, #TPI:    334 , MGM: Poisson Ite:     39 , Max Laplace Ite:     15 , MGM Ite:     74 , MGM Vel_Err:   0.119644E-01
