Time Step      1, #PI:      1, #TPI:      1 , MGM: Poisson Ite:     12 , Max Laplace Ite:     11 , MGM Ite:      5 , MGM Vel_Err:   0.197641E-02
Time Step      1, #PI:      1, #TPI:      2 , MGM: Poisson Ite:     34 , Max Laplace Ite:     13 , MGM Ite:      8 , MGM Vel_Err:   0.211582E-02
Time Step      2, #PI:      1, #TPI:      3 , MGM: Poisson Ite:     33 , Max Laplace Ite:     13 , MGM Ite:      4 , MGM Vel_Err:   0.211582E-02
Time Step      2, #PI:      1, #TPI:      4 , MGM: Poisson Ite:     34 , Max Laplace Ite:     13 , MGM Ite:      4 , MGM Vel_Err:   0.222374E-02
Time Step      3, #PI:      1, #TPI:      5 , MGM: Poisson Ite:     34 , Max Laplace Ite:     13 , MGM Ite:      4 , MGM Vel_Err:   0.222374E-02
Time Step      3, #PI:      1, #TPI:      6 , MGM: Poisson Ite:     34 , Max Laplace Ite:     13 , MGM Ite:      4 , MGM Vel_Err:   0.229779E-02
Time Step      4, #PI:      1, #TPI:      7 , MGM: Poisson Ite:     34 , Max Laplace Ite:     13 , MGM Ite:      4 , MGM Vel_Err:   0.229779E-02
Time Step      4, #PI:      1, #TPI:      8 , MGM: Poisson Ite:     34 , Max Laplace Ite:     14 , MGM Ite:      4 , MGM Vel_Err:   0.237739E-02
Time Step      5, #PI:      1, #TPI:      9 , MGM: Poisson Ite:     34 , Max Laplace Ite:     14 , MGM Ite:      4 , MGM Vel_Err:   0.237739E-02
Time Step      5, #PI:      1, #TPI:     10 , MGM: Poisson Ite:     34 , Max Laplace Ite:     14 , MGM Ite:      5 , MGM Vel_Err:   0.246375E-02
Time Step      6, #PI:      1, #TPI:     11 , MGM: Poisson Ite:     33 , Max Laplace Ite:     14 , MGM Ite:      4 , MGM Vel_Err:   0.246375E-02
Time Step      6, #PI:      1, #TPI:     12 , MGM: Poisson Ite:     35 , Max Laplace Ite:     14 , MGM Ite:      5 , MGM Vel_Err:   0.255633E-02
Time Step      7, #PI:      1, #TPI:     13 , MGM: Poisson Ite:     33 , Max Laplace Ite:     14 , MGM Ite:      4 , MGM Vel_Err:   0.255633E-02
Time Step      7, #PI:      1, #TPI:     14 , MGM: Poisson Ite:     35 , Max Laplace Ite:     14 , MGM Ite:      5 , MGM Vel_Err:   0.265867E-02
Time Step      8, #PI:      1, #TPI:     15 , MGM: Poisson Ite:     33 , Max Laplace Ite:     14 , MGM Ite:      5 , MGM Vel_Err:   0.265867E-02
Time Step      8, #PI:      1, #TPI:     16 , MGM: Poisson Ite:     34 , Max Laplace Ite:     14 , MGM Ite:      5 , MGM Vel_Err:   0.276682E-02
Time Step      9, #PI:      1, #TPI:     17 , MGM: Poisson Ite:     33 , Max Laplace Ite:     14 , MGM Ite:      5 , MGM Vel_Err:   0.276682E-02
Time Step      9, #PI:      1, #TPI:     18 , MGM: Poisson Ite:     34 , Max Laplace Ite:     14 , MGM Ite:      5 , MGM Vel_Err:   0.288568E-02
Time Step     10, #PI:      1, #TPI:     19 , MGM: Poisson Ite:     33 , Max Laplace Ite:     14 , MGM Ite:      5 , MGM Vel_Err:   0.288568E-02
Time Step     10, #PI:      1, #TPI:     20 , MGM: Poisson Ite:     34 , Max Laplace Ite:     14 , MGM Ite:      5 , MGM Vel_Err:   0.301168E-02
Time Step     11, #PI:      1, #TPI:     21 , MGM: Poisson Ite:     33 , Max Laplace Ite:     14 , MGM Ite:      5 , MGM Vel_Err:   0.301168E-02
Time Step     11, #PI:      1, #TPI:     22 , MGM: Poisson Ite:     33 , Max Laplace Ite:     14 , MGM Ite:      5 , MGM Vel_Err:   0.314317E-02
Time Step     12, #PI:      1, #TPI:     23 , MGM: Poisson Ite:     33 , Max Laplace Ite:     14 , MGM Ite:      5 , MGM Vel_Err:   0.314317E-02
Time Step     12, #PI:      1, #TPI:     24 , MGM: Poisson Ite:     33 , Max Laplace Ite:     14 , MGM Ite:      6 , MGM Vel_Err:   0.327800E-02
Time Step     13, #PI:      1, #TPI:     25 , MGM: Poisson Ite:     33 , Max Laplace Ite:     14 , MGM Ite:      5 , MGM Vel_Err:   0.327800E-02
Time Step     13, #PI:      1, #TPI:     26 , MGM: Poisson Ite:     33 , Max Laplace Ite:     14 , MGM Ite:      6 , MGM Vel_Err:   0.341160E-02
Time Step     14, #PI:      1, #TPI:     27 , MGM: Poisson Ite:     33 , Max Laplace Ite:     14 , MGM Ite:      5 , MGM Vel_Err:   0.341160E-02
Time Step     14, #PI:      1, #TPI:     28 , MGM: Poisson Ite:     33 , Max Laplace Ite:     14 , MGM Ite:      6 , MGM Vel_Err:   0.354487E-02
Time Step     15, #PI:      1, #TPI:     29 , MGM: Poisson Ite:     33 , Max Laplace Ite:     14 , MGM Ite:      6 , MGM Vel_Err:   0.354487E-02
Time Step     15, #PI:      1, #TPI:     30 , MGM: Poisson Ite:     35 , Max Laplace Ite:     14 , MGM Ite:     11 , MGM Vel_Err:   0.366935E-02
Time Step     16, #PI:      1, #TPI:     31 , MGM: Poisson Ite:     35 , Max Laplace Ite:     14 , MGM Ite:      6 , MGM Vel_Err:   0.366935E-02
Time Step     16, #PI:      1, #TPI:     32 , MGM: Poisson Ite:     35 , Max Laplace Ite:     14 , MGM Ite:     12 , MGM Vel_Err:   0.386829E-02
Time Step     17, #PI:      1, #TPI:     33 , MGM: Poisson Ite:     35 , Max Laplace Ite:     14 , MGM Ite:      6 , MGM Vel_Err:   0.386829E-02
Time Step     17, #PI:      1, #TPI:     34 , MGM: Poisson Ite:     35 , Max Laplace Ite:     14 , MGM Ite:     12 , MGM Vel_Err:   0.417917E-02
Time Step     18, #PI:      1, #TPI:     35 , MGM: Poisson Ite:     35 , Max Laplace Ite:     14 , MGM Ite:     11 , MGM Vel_Err:   0.417917E-02
Time Step     18, #PI:      1, #TPI:     36 , MGM: Poisson Ite:     35 , Max Laplace Ite:     14 , MGM Ite:     12 , MGM Vel_Err:   0.450063E-02
Time Step     19, #PI:      1, #TPI:     37 , MGM: Poisson Ite:     35 , Max Laplace Ite:     14 , MGM Ite:     12 , MGM Vel_Err:   0.450063E-02
Time Step     19, #PI:      1, #TPI:     38 , MGM: Poisson Ite:     35 , Max Laplace Ite:     14 , MGM Ite:     12 , MGM Vel_Err:   0.487540E-02
Time Step     20, #PI:      1, #TPI:     39 , MGM: Poisson Ite:     35 , Max Laplace Ite:     14 , MGM Ite:     12 , MGM Vel_Err:   0.487540E-02
Time Step     20, #PI:      1, #TPI:     40 , MGM: Poisson Ite:     35 , Max Laplace Ite:     14 , MGM Ite:     13 , MGM Vel_Err:   0.528865E-02
Time Step     21, #PI:      1, #TPI:     41 , MGM: Poisson Ite:     35 , Max Laplace Ite:     14 , MGM Ite:     12 , MGM Vel_Err:   0.528865E-02
Time Step     21, #PI:      1, #TPI:     42 , MGM: Poisson Ite:     35 , Max Laplace Ite:     14 , MGM Ite:      6 , MGM Vel_Err:   0.528865E-02
Time Step     21, #PI:      1, #TPI:     43 , MGM: Poisson Ite:     35 , Max Laplace Ite:     14 , MGM Ite:     11 , MGM Vel_Err:   0.528865E-02
Time Step     22, #PI:      1, #TPI:     44 , MGM: Poisson Ite:     35 , Max Laplace Ite:     14 , MGM Ite:      6 , MGM Vel_Err:   0.528865E-02
Time Step     22, #PI:      1, #TPI:     45 , MGM: Poisson Ite:     35 , Max Laplace Ite:     14 , MGM Ite:     12 , MGM Vel_Err:   0.531293E-02
Time Step     23, #PI:      1, #TPI:     46 , MGM: Poisson Ite:     35 , Max Laplace Ite:     14 , MGM Ite:      6 , MGM Vel_Err:   0.531293E-02
Time Step     23, #PI:      1, #TPI:     47 , MGM: Poisson Ite:     35 , Max Laplace Ite:     14 , MGM Ite:     12 , MGM Vel_Err:   0.567675E-02
Time Step     24, #PI:      1, #TPI:     48 , MGM: Poisson Ite:     35 , Max Laplace Ite:     14 , MGM Ite:     12 , MGM Vel_Err:   0.567675E-02
Time Step     24, #PI:      1, #TPI:     49 , MGM: Poisson Ite:     35 , Max Laplace Ite:     14 , MGM Ite:      5 , MGM Vel_Err:   0.567675E-02
Time Step     24, #PI:      1, #TPI:     50 , MGM: Poisson Ite:     35 , Max Laplace Ite:     14 , MGM Ite:      6 , MGM Vel_Err:   0.567675E-02
Time Step     25, #PI:      1, #TPI:     51 , MGM: Poisson Ite:     35 , Max Laplace Ite:     14 , MGM Ite:      5 , MGM Vel_Err:   0.567675E-02
Time Step     25, #PI:      1, #TPI:     52 , MGM: Poisson Ite:     35 , Max Laplace Ite:     14 , MGM Ite:      6 , MGM Vel_Err:   0.567675E-02
Time Step     26, #PI:      1, #TPI:     53 , MGM: Poisson Ite:     35 , Max Laplace Ite:     14 , MGM Ite:      5 , MGM Vel_Err:   0.567675E-02
Time Step     26, #PI:      1, #TPI:     54 , MGM: Poisson Ite:     35 , Max Laplace Ite:     14 , MGM Ite:      6 , MGM Vel_Err:   0.591070E-02
Time Step     27, #PI:      1, #TPI:     55 , MGM: Poisson Ite:     35 , Max Laplace Ite:     14 , MGM Ite:      6 , MGM Vel_Err:   0.591070E-02
Time Step     27, #PI:      1, #TPI:     56 , MGM: Poisson Ite:     35 , Max Laplace Ite:     14 , MGM Ite:     12 , MGM Vel_Err:   0.622675E-02
Time Step     28, #PI:      1, #TPI:     57 , MGM: Poisson Ite:     35 , Max Laplace Ite:     14 , MGM Ite:      6 , MGM Vel_Err:   0.622675E-02
Time Step     28, #PI:      1, #TPI:     58 , MGM: Poisson Ite:     35 , Max Laplace Ite:     14 , MGM Ite:      5 , MGM Vel_Err:   0.622675E-02
Time Step     28, #PI:      1, #TPI:     59 , MGM: Poisson Ite:     35 , Max Laplace Ite:     14 , MGM Ite:      5 , MGM Vel_Err:   0.622675E-02
Time Step     29, #PI:      1, #TPI:     60 , MGM: Poisson Ite:     35 , Max Laplace Ite:     14 , MGM Ite:      5 , MGM Vel_Err:   0.622675E-02
Time Step     29, #PI:      1, #TPI:     61 , MGM: Poisson Ite:     35 , Max Laplace Ite:     14 , MGM Ite:      5 , MGM Vel_Err:   0.622675E-02
Time Step     30, #PI:      1, #TPI:     62 , MGM: Poisson Ite:     35 , Max Laplace Ite:     14 , MGM Ite:      5 , MGM Vel_Err:   0.622675E-02
Time Step     30, #PI:      1, #TPI:     63 , MGM: Poisson Ite:     35 , Max Laplace Ite:     14 , MGM Ite:      5 , MGM Vel_Err:   0.622675E-02
Time Step     31, #PI:      1, #TPI:     64 , MGM: Poisson Ite:     35 , Max Laplace Ite:     14 , MGM Ite:      5 , MGM Vel_Err:   0.622675E-02
Time Step     31, #PI:      1, #TPI:     65 , MGM: Poisson Ite:     35 , Max Laplace Ite:     14 , MGM Ite:      6 , MGM Vel_Err:   0.646541E-02
Time Step     32, #PI:      1, #TPI:     66 , MGM: Poisson Ite:     35 , Max Laplace Ite:     14 , MGM Ite:      5 , MGM Vel_Err:   0.646541E-02
Time Step     32, #PI:      1, #TPI:     67 , MGM: Poisson Ite:     35 , Max Laplace Ite:     14 , MGM Ite:      6 , MGM Vel_Err:   0.672977E-02
Time Step     33, #PI:      1, #TPI:     68 , MGM: Poisson Ite:     35 , Max Laplace Ite:     14 , MGM Ite:      5 , MGM Vel_Err:   0.672977E-02
Time Step     33, #PI:      1, #TPI:     69 , MGM: Poisson Ite:     35 , Max Laplace Ite:     14 , MGM Ite:      5 , MGM Vel_Err:   0.672977E-02
Time Step     33, #PI:      1, #TPI:     70 , MGM: Poisson Ite:     35 , Max Laplace Ite:     14 , MGM Ite:      5 , MGM Vel_Err:   0.672977E-02
Time Step     34, #PI:      1, #TPI:     71 , MGM: Poisson Ite:     35 , Max Laplace Ite:     14 , MGM Ite:      5 , MGM Vel_Err:   0.672977E-02
Time Step     34, #PI:      1, #TPI:     72 , MGM: Poisson Ite:     35 , Max Laplace Ite:     14 , MGM Ite:      5 , MGM Vel_Err:   0.672977E-02
Time Step     35, #PI:      1, #TPI:     73 , MGM: Poisson Ite:     35 , Max Laplace Ite:     14 , MGM Ite:      5 , MGM Vel_Err:   0.672977E-02
Time Step     35, #PI:      1, #TPI:     74 , MGM: Poisson Ite:     35 , Max Laplace Ite:     14 , MGM Ite:      5 , MGM Vel_Err:   0.672977E-02
Time Step     36, #PI:      1, #TPI:     75 , MGM: Poisson Ite:     35 , Max Laplace Ite:     14 , MGM Ite:      5 , MGM Vel_Err:   0.672977E-02
Time Step     36, #PI:      1, #TPI:     76 , MGM: Poisson Ite:     35 , Max Laplace Ite:     14 , MGM Ite:      5 , MGM Vel_Err:   0.676346E-02
Time Step     37, #PI:      1, #TPI:     77 , MGM: Poisson Ite:     35 , Max Laplace Ite:     14 , MGM Ite:      5 , MGM Vel_Err:   0.676346E-02
Time Step     37, #PI:      1, #TPI:     78 , MGM: Poisson Ite:     35 , Max Laplace Ite:     14 , MGM Ite:      5 , MGM Vel_Err:   0.698208E-02
Time Step     38, #PI:      1, #TPI:     79 , MGM: Poisson Ite:     35 , Max Laplace Ite:     14 , MGM Ite:      5 , MGM Vel_Err:   0.698208E-02
Time Step     38, #PI:      1, #TPI:     80 , MGM: Poisson Ite:     35 , Max Laplace Ite:     14 , MGM Ite:      6 , MGM Vel_Err:   0.720301E-02
Time Step     39, #PI:      1, #TPI:     81 , MGM: Poisson Ite:     35 , Max Laplace Ite:     14 , MGM Ite:      5 , MGM Vel_Err:   0.720301E-02
Time Step     39, #PI:      1, #TPI:     82 , MGM: Poisson Ite:     35 , Max Laplace Ite:     14 , MGM Ite:      4 , MGM Vel_Err:   0.720301E-02
Time Step     39, #PI:      1, #TPI:     83 , MGM: Poisson Ite:     35 , Max Laplace Ite:     14 , MGM Ite:      5 , MGM Vel_Err:   0.720301E-02
Time Step     40, #PI:      1, #TPI:     84 , MGM: Poisson Ite:     35 , Max Laplace Ite:     14 , MGM Ite:      5 , MGM Vel_Err:   0.720301E-02
Time Step     40, #PI:      1, #TPI:     85 , MGM: Poisson Ite:     35 , Max Laplace Ite:     14 , MGM Ite:      5 , MGM Vel_Err:   0.720301E-02
Time Step     41, #PI:      1, #TPI:     86 , MGM: Poisson Ite:     35 , Max Laplace Ite:     14 , MGM Ite:      5 , MGM Vel_Err:   0.720301E-02
Time Step     41, #PI:      1, #TPI:     87 , MGM: Poisson Ite:     35 , Max Laplace Ite:     14 , MGM Ite:      5 , MGM Vel_Err:   0.720301E-02
Time Step     42, #PI:      1, #TPI:     88 , MGM: Poisson Ite:     35 , Max Laplace Ite:     14 , MGM Ite:      5 , MGM Vel_Err:   0.720301E-02
Time Step     42, #PI:      1, #TPI:     89 , MGM: Poisson Ite:     35 , Max Laplace Ite:     14 , MGM Ite:      5 , MGM Vel_Err:   0.720301E-02
Time Step     43, #PI:      1, #TPI:     90 , MGM: Poisson Ite:     35 , Max Laplace Ite:     14 , MGM Ite:      5 , MGM Vel_Err:   0.720301E-02
Time Step     43, #PI:      1, #TPI:     91 , MGM: Poisson Ite:     35 , Max Laplace Ite:     14 , MGM Ite:      5 , MGM Vel_Err:   0.729950E-02
Time Step     44, #PI:      1, #TPI:     92 , MGM: Poisson Ite:     35 , Max Laplace Ite:     14 , MGM Ite:      5 , MGM Vel_Err:   0.729950E-02
Time Step     44, #PI:      1, #TPI:     93 , MGM: Poisson Ite:     35 , Max Laplace Ite:     14 , MGM Ite:      5 , MGM Vel_Err:   0.748267E-02
Time Step     45, #PI:      1, #TPI:     94 , MGM: Poisson Ite:     35 , Max Laplace Ite:     14 , MGM Ite:      5 , MGM Vel_Err:   0.748267E-02
Time Step     45, #PI:      1, #TPI:     95 , MGM: Poisson Ite:     35 , Max Laplace Ite:     14 , MGM Ite:      6 , MGM Vel_Err:   0.766691E-02
Time Step     46, #PI:      1, #TPI:     96 , MGM: Poisson Ite:     35 , Max Laplace Ite:     14 , MGM Ite:      5 , MGM Vel_Err:   0.766691E-02
Time Step     46, #PI:      1, #TPI:     97 , MGM: Poisson Ite:     35 , Max Laplace Ite:     14 , MGM Ite:      6 , MGM Vel_Err:   0.785024E-02
Time Step     47, #PI:      1, #TPI:     98 , MGM: Poisson Ite:     35 , Max Laplace Ite:     14 , MGM Ite:      5 , MGM Vel_Err:   0.785024E-02
Time Step     47, #PI:      1, #TPI:     99 , MGM: Poisson Ite:     35 , Max Laplace Ite:     14 , MGM Ite:      5 , MGM Vel_Err:   0.785024E-02
Time Step     47, #PI:      1, #TPI:    100 , MGM: Poisson Ite:     35 , Max Laplace Ite:     14 , MGM Ite:      5 , MGM Vel_Err:   0.785024E-02
Time Step     48, #PI:      1, #TPI:    101 , MGM: Poisson Ite:     35 , Max Laplace Ite:     14 , MGM Ite:      5 , MGM Vel_Err:   0.785024E-02
Time Step     48, #PI:      1, #TPI:    102 , MGM: Poisson Ite:     35 , Max Laplace Ite:     14 , MGM Ite:      5 , MGM Vel_Err:   0.785024E-02
Time Step     49, #PI:      1, #TPI:    103 , MGM: Poisson Ite:     35 , Max Laplace Ite:     14 , MGM Ite:      5 , MGM Vel_Err:   0.785024E-02
Time Step     49, #PI:      1, #TPI:    104 , MGM: Poisson Ite:     35 , Max Laplace Ite:     14 , MGM Ite:      5 , MGM Vel_Err:   0.785024E-02
Time Step     50, #PI:      1, #TPI:    105 , MGM: Poisson Ite:     35 , Max Laplace Ite:     14 , MGM Ite:      5 , MGM Vel_Err:   0.785024E-02
Time Step     50, #PI:      1, #TPI:    106 , MGM: Poisson Ite:     35 , Max Laplace Ite:     14 , MGM Ite:      5 , MGM Vel_Err:   0.785024E-02
Time Step     51, #PI:      1, #TPI:    107 , MGM: Poisson Ite:     35 , Max Laplace Ite:     14 , MGM Ite:      5 , MGM Vel_Err:   0.785024E-02
Time Step     51, #PI:      1, #TPI:    108 , MGM: Poisson Ite:     35 , Max Laplace Ite:     14 , MGM Ite:      5 , MGM Vel_Err:   0.785024E-02
Time Step     52, #PI:      1, #TPI:    109 , MGM: Poisson Ite:     35 , Max Laplace Ite:     14 , MGM Ite:      5 , MGM Vel_Err:   0.785024E-02
Time Step     52, #PI:      1, #TPI:    110 , MGM: Poisson Ite:     35 , Max Laplace Ite:     14 , MGM Ite:      5 , MGM Vel_Err:   0.787526E-02
Time Step     53, #PI:      1, #TPI:    111 , MGM: Poisson Ite:     35 , Max Laplace Ite:     14 , MGM Ite:      5 , MGM Vel_Err:   0.787526E-02
Time Step     53, #PI:      1, #TPI:    112 , MGM: Poisson Ite:     35 , Max Laplace Ite:     14 , MGM Ite:      6 , MGM Vel_Err:   0.802569E-02
Time Step     54, #PI:      1, #TPI:    113 , MGM: Poisson Ite:     35 , Max Laplace Ite:     14 , MGM Ite:      5 , MGM Vel_Err:   0.802569E-02
Time Step     54, #PI:      1, #TPI:    114 , MGM: Poisson Ite:     35 , Max Laplace Ite:     14 , MGM Ite:      6 , MGM Vel_Err:   0.817462E-02
Time Step     55, #PI:      1, #TPI:    115 , MGM: Poisson Ite:     35 , Max Laplace Ite:     14 , MGM Ite:      5 , MGM Vel_Err:   0.817462E-02
Time Step     55, #PI:      1, #TPI:    116 , MGM: Poisson Ite:     35 , Max Laplace Ite:     14 , MGM Ite:      6 , MGM Vel_Err:   0.832585E-02
Time Step     56, #PI:      1, #TPI:    117 , MGM: Poisson Ite:     35 , Max Laplace Ite:     14 , MGM Ite:      6 , MGM Vel_Err:   0.832585E-02
Time Step     56, #PI:      1, #TPI:    118 , MGM: Poisson Ite:     35 , Max Laplace Ite:     14 , MGM Ite:     12 , MGM Vel_Err:   0.847391E-02
Time Step     57, #PI:      1, #TPI:    119 , MGM: Poisson Ite:     35 , Max Laplace Ite:     14 , MGM Ite:      6 , MGM Vel_Err:   0.847391E-02
Time Step     57, #PI:      1, #TPI:    120 , MGM: Poisson Ite:     35 , Max Laplace Ite:     14 , MGM Ite:      5 , MGM Vel_Err:   0.847391E-02
Time Step     57, #PI:      1, #TPI:    121 , MGM: Poisson Ite:     35 , Max Laplace Ite:     14 , MGM Ite:      5 , MGM Vel_Err:   0.847391E-02
Time Step     58, #PI:      1, #TPI:    122 , MGM: Poisson Ite:     35 , Max Laplace Ite:     14 , MGM Ite:      5 , MGM Vel_Err:   0.847391E-02
Time Step     58, #PI:      1, #TPI:    123 , MGM: Poisson Ite:     35 , Max Laplace Ite:     14 , MGM Ite:      5 , MGM Vel_Err:   0.847391E-02
Time Step     59, #PI:      1, #TPI:    124 , MGM: Poisson Ite:     35 , Max Laplace Ite:     14 , MGM Ite:      5 , MGM Vel_Err:   0.847391E-02
Time Step     59, #PI:      1, #TPI:    125 , MGM: Poisson Ite:     35 , Max Laplace Ite:     14 , MGM Ite:      5 , MGM Vel_Err:   0.847391E-02
Time Step     60, #PI:      1, #TPI:    126 , MGM: Poisson Ite:     35 , Max Laplace Ite:     14 , MGM Ite:      5 , MGM Vel_Err:   0.847391E-02
Time Step     60, #PI:      1, #TPI:    127 , MGM: Poisson Ite:     35 , Max Laplace Ite:     14 , MGM Ite:      6 , MGM Vel_Err:   0.847391E-02
Time Step     61, #PI:      1, #TPI:    128 , MGM: Poisson Ite:     35 , Max Laplace Ite:     14 , MGM Ite:      5 , MGM Vel_Err:   0.847391E-02
Time Step     61, #PI:      1, #TPI:    129 , MGM: Poisson Ite:     35 , Max Laplace Ite:     14 , MGM Ite:      6 , MGM Vel_Err:   0.847391E-02
Time Step     62, #PI:      1, #TPI:    130 , MGM: Poisson Ite:     35 , Max Laplace Ite:     14 , MGM Ite:      5 , MGM Vel_Err:   0.847391E-02
Time Step     62, #PI:      1, #TPI:    131 , MGM: Poisson Ite:     35 , Max Laplace Ite:     14 , MGM Ite:      6 , MGM Vel_Err:   0.847391E-02
Time Step     63, #PI:      1, #TPI:    132 , MGM: Poisson Ite:     35 , Max Laplace Ite:     14 , MGM Ite:      5 , MGM Vel_Err:   0.847391E-02
Time Step     63, #PI:      1, #TPI:    133 , MGM: Poisson Ite:     35 , Max Laplace Ite:     14 , MGM Ite:      6 , MGM Vel_Err:   0.847391E-02
Time Step     64, #PI:      1, #TPI:    134 , MGM: Poisson Ite:     35 , Max Laplace Ite:     14 , MGM Ite:      6 , MGM Vel_Err:   0.847391E-02
Time Step     64, #PI:      1, #TPI:    135 , MGM: Poisson Ite:     35 , Max Laplace Ite:     14 , MGM Ite:      6 , MGM Vel_Err:   0.859460E-02
Time Step     65, #PI:      1, #TPI:    136 , MGM: Poisson Ite:     35 , Max Laplace Ite:     14 , MGM Ite:      6 , MGM Vel_Err:   0.859460E-02
Time Step     65, #PI:      1, #TPI:    137 , MGM: Poisson Ite:     35 , Max Laplace Ite:     14 , MGM Ite:     12 , MGM Vel_Err:   0.871941E-02
Time Step     66, #PI:      1, #TPI:    138 , MGM: Poisson Ite:     35 , Max Laplace Ite:     14 , MGM Ite:      6 , MGM Vel_Err:   0.871941E-02
Time Step     66, #PI:      1, #TPI:    139 , MGM: Poisson Ite:     35 , Max Laplace Ite:     14 , MGM Ite:     12 , MGM Vel_Err:   0.882741E-02
Time Step     67, #PI:      1, #TPI:    140 , MGM: Poisson Ite:     35 , Max Laplace Ite:     14 , MGM Ite:      6 , MGM Vel_Err:   0.882741E-02
Time Step     67, #PI:      1, #TPI:    141 , MGM: Poisson Ite:     35 , Max Laplace Ite:     14 , MGM Ite:     12 , MGM Vel_Err:   0.895265E-02
Time Step     68, #PI:      1, #TPI:    142 , MGM: Poisson Ite:     35 , Max Laplace Ite:     14 , MGM Ite:      6 , MGM Vel_Err:   0.895265E-02
Time Step     68, #PI:      1, #TPI:    143 , MGM: Poisson Ite:     35 , Max Laplace Ite:     14 , MGM Ite:     12 , MGM Vel_Err:   0.907829E-02
Time Step     69, #PI:      1, #TPI:    144 , MGM: Poisson Ite:     35 , Max Laplace Ite:     14 , MGM Ite:     12 , MGM Vel_Err:   0.907829E-02
Time Step     69, #PI:      1, #TPI:    145 , MGM: Poisson Ite:     35 , Max Laplace Ite:     14 , MGM Ite:     12 , MGM Vel_Err:   0.917173E-02
Time Step     70, #PI:      1, #TPI:    146 , MGM: Poisson Ite:     35 , Max Laplace Ite:     14 , MGM Ite:     12 , MGM Vel_Err:   0.917173E-02
Time Step     70, #PI:      1, #TPI:    147 , MGM: Poisson Ite:     35 , Max Laplace Ite:     14 , MGM Ite:      5 , MGM Vel_Err:   0.917173E-02
Time Step     70, #PI:      1, #TPI:    148 , MGM: Poisson Ite:     35 , Max Laplace Ite:     14 , MGM Ite:      6 , MGM Vel_Err:   0.917173E-02
Time Step     71, #PI:      1, #TPI:    149 , MGM: Poisson Ite:     35 , Max Laplace Ite:     14 , MGM Ite:      5 , MGM Vel_Err:   0.917173E-02
Time Step     71, #PI:      1, #TPI:    150 , MGM: Poisson Ite:     35 , Max Laplace Ite:     14 , MGM Ite:      6 , MGM Vel_Err:   0.917173E-02
Time Step     72, #PI:      1, #TPI:    151 , MGM: Poisson Ite:     35 , Max Laplace Ite:     14 , MGM Ite:      5 , MGM Vel_Err:   0.917173E-02
Time Step     72, #PI:      1, #TPI:    152 , MGM: Poisson Ite:     35 , Max Laplace Ite:     14 , MGM Ite:      6 , MGM Vel_Err:   0.917173E-02
Time Step     73, #PI:      1, #TPI:    153 , MGM: Poisson Ite:     35 , Max Laplace Ite:     14 , MGM Ite:      6 , MGM Vel_Err:   0.917173E-02
Time Step     73, #PI:      1, #TPI:    154 , MGM: Poisson Ite:     35 , Max Laplace Ite:     14 , MGM Ite:     12 , MGM Vel_Err:   0.917173E-02
Time Step     74, #PI:      1, #TPI:    155 , MGM: Poisson Ite:     35 , Max Laplace Ite:     14 , MGM Ite:      6 , MGM Vel_Err:   0.917173E-02
Time Step     74, #PI:      1, #TPI:    156 , MGM: Poisson Ite:     35 , Max Laplace Ite:     14 , MGM Ite:     12 , MGM Vel_Err:   0.917173E-02
Time Step     75, #PI:      1, #TPI:    157 , MGM: Poisson Ite:     35 , Max Laplace Ite:     14 , MGM Ite:      6 , MGM Vel_Err:   0.917173E-02
Time Step     75, #PI:      1, #TPI:    158 , MGM: Poisson Ite:     35 , Max Laplace Ite:     14 , MGM Ite:     12 , MGM Vel_Err:   0.917173E-02
Time Step     76, #PI:      1, #TPI:    159 , MGM: Poisson Ite:     35 , Max Laplace Ite:     14 , MGM Ite:      6 , MGM Vel_Err:   0.917173E-02
Time Step     76, #PI:      1, #TPI:    160 , MGM: Poisson Ite:     35 , Max Laplace Ite:     14 , MGM Ite:     12 , MGM Vel_Err:   0.917173E-02
Time Step     77, #PI:      1, #TPI:    161 , MGM: Poisson Ite:     35 , Max Laplace Ite:     14 , MGM Ite:      6 , MGM Vel_Err:   0.917173E-02
Time Step     77, #PI:      1, #TPI:    162 , MGM: Poisson Ite:     35 , Max Laplace Ite:     14 , MGM Ite:     12 , MGM Vel_Err:   0.917173E-02
Time Step     78, #PI:      1, #TPI:    163 , MGM: Poisson Ite:     35 , Max Laplace Ite:     14 , MGM Ite:     12 , MGM Vel_Err:   0.917173E-02
Time Step     78, #PI:      1, #TPI:    164 , MGM: Poisson Ite:     35 , Max Laplace Ite:     14 , MGM Ite:     12 , MGM Vel_Err:   0.917173E-02
Time Step     79, #PI:      1, #TPI:    165 , MGM: Poisson Ite:     35 , Max Laplace Ite:     14 , MGM Ite:     12 , MGM Vel_Err:   0.917173E-02
Time Step     79, #PI:      1, #TPI:    166 , MGM: Poisson Ite:     35 , Max Laplace Ite:     14 , MGM Ite:     12 , MGM Vel_Err:   0.925848E-02
Time Step     80, #PI:      1, #TPI:    167 , MGM: Poisson Ite:     35 , Max Laplace Ite:     14 , MGM Ite:     12 , MGM Vel_Err:   0.925848E-02
Time Step     80, #PI:      1, #TPI:    168 , MGM: Poisson Ite:     35 , Max Laplace Ite:     14 , MGM Ite:     12 , MGM Vel_Err:   0.936146E-02
Time Step     81, #PI:      1, #TPI:    169 , MGM: Poisson Ite:     35 , Max Laplace Ite:     14 , MGM Ite:     12 , MGM Vel_Err:   0.936146E-02
Time Step     81, #PI:      1, #TPI:    170 , MGM: Poisson Ite:     35 , Max Laplace Ite:     14 , MGM Ite:     12 , MGM Vel_Err:   0.946447E-02
Time Step     82, #PI:      1, #TPI:    171 , MGM: Poisson Ite:     35 , Max Laplace Ite:     14 , MGM Ite:     12 , MGM Vel_Err:   0.946447E-02
Time Step     82, #PI:      1, #TPI:    172 , MGM: Poisson Ite:     35 , Max Laplace Ite:     14 , MGM Ite:     12 , MGM Vel_Err:   0.956749E-02
Time Step     83, #PI:      1, #TPI:    173 , MGM: Poisson Ite:     35 , Max Laplace Ite:     14 , MGM Ite:     12 , MGM Vel_Err:   0.956749E-02
Time Step     83, #PI:      1, #TPI:    174 , MGM: Poisson Ite:     35 , Max Laplace Ite:     14 , MGM Ite:     13 , MGM Vel_Err:   0.967052E-02
Time Step     84, #PI:      1, #TPI:    175 , MGM: Poisson Ite:     35 , Max Laplace Ite:     14 , MGM Ite:     12 , MGM Vel_Err:   0.967052E-02
Time Step     84, #PI:      1, #TPI:    176 , MGM: Poisson Ite:     35 , Max Laplace Ite:     14 , MGM Ite:     13 , MGM Vel_Err:   0.976984E-02
Time Step     85, #PI:      1, #TPI:    177 , MGM: Poisson Ite:     35 , Max Laplace Ite:     14 , MGM Ite:     12 , MGM Vel_Err:   0.976984E-02
Time Step     85, #PI:      1, #TPI:    178 , MGM: Poisson Ite:     35 , Max Laplace Ite:     14 , MGM Ite:     13 , MGM Vel_Err:   0.987287E-02
Time Step     86, #PI:      1, #TPI:    179 , MGM: Poisson Ite:     35 , Max Laplace Ite:     14 , MGM Ite:     13 , MGM Vel_Err:   0.987287E-02
Time Step     86, #PI:      1, #TPI:    180 , MGM: Poisson Ite:     35 , Max Laplace Ite:     14 , MGM Ite:     13 , MGM Vel_Err:   0.996885E-02
Time Step     87, #PI:      1, #TPI:    181 , MGM: Poisson Ite:     35 , Max Laplace Ite:     14 , MGM Ite:     13 , MGM Vel_Err:   0.996885E-02
Time Step     87, #PI:      1, #TPI:    182 , MGM: Poisson Ite:     35 , Max Laplace Ite:     14 , MGM Ite:      6 , MGM Vel_Err:   0.996885E-02
Time Step     87, #PI:      1, #TPI:    183 , MGM: Poisson Ite:     35 , Max Laplace Ite:     14 , MGM Ite:     12 , MGM Vel_Err:   0.996885E-02
Time Step     88, #PI:      1, #TPI:    184 , MGM: Poisson Ite:     35 , Max Laplace Ite:     14 , MGM Ite:     12 , MGM Vel_Err:   0.996885E-02
Time Step     88, #PI:      1, #TPI:    185 , MGM: Poisson Ite:     35 , Max Laplace Ite:     14 , MGM Ite:     12 , MGM Vel_Err:   0.996885E-02
Time Step     89, #PI:      1, #TPI:    186 , MGM: Poisson Ite:     35 , Max Laplace Ite:     14 , MGM Ite:     12 , MGM Vel_Err:   0.996885E-02
Time Step     89, #PI:      1, #TPI:    187 , MGM: Poisson Ite:     35 , Max Laplace Ite:     14 , MGM Ite:     12 , MGM Vel_Err:   0.996885E-02
Time Step     90, #PI:      1, #TPI:    188 , MGM: Poisson Ite:     35 , Max Laplace Ite:     14 , MGM Ite:     12 , MGM Vel_Err:   0.996885E-02
Time Step     90, #PI:      1, #TPI:    189 , MGM: Poisson Ite:     35 , Max Laplace Ite:     14 , MGM Ite:     12 , MGM Vel_Err:   0.996885E-02
Time Step     91, #PI:      1, #TPI:    190 , MGM: Poisson Ite:     35 , Max Laplace Ite:     14 , MGM Ite:     12 , MGM Vel_Err:   0.996885E-02
Time Step     91, #PI:      1, #TPI:    191 , MGM: Poisson Ite:     35 , Max Laplace Ite:     14 , MGM Ite:     12 , MGM Vel_Err:   0.996885E-02
Time Step     92, #PI:      1, #TPI:    192 , MGM: Poisson Ite:     35 , Max Laplace Ite:     14 , MGM Ite:     12 , MGM Vel_Err:   0.996885E-02
Time Step     92, #PI:      1, #TPI:    193 , MGM: Poisson Ite:     35 , Max Laplace Ite:     14 , MGM Ite:     12 , MGM Vel_Err:   0.996885E-02
Time Step     93, #PI:      1, #TPI:    194 , MGM: Poisson Ite:     35 , Max Laplace Ite:     14 , MGM Ite:     12 , MGM Vel_Err:   0.996885E-02
Time Step     93, #PI:      1, #TPI:    195 , MGM: Poisson Ite:     35 , Max Laplace Ite:     14 , MGM Ite:     12 , MGM Vel_Err:   0.996885E-02
Time Step     94, #PI:      1, #TPI:    196 , MGM: Poisson Ite:     35 , Max Laplace Ite:     14 , MGM Ite:     12 , MGM Vel_Err:   0.996885E-02
Time Step     94, #PI:      1, #TPI:    197 , MGM: Poisson Ite:     35 , Max Laplace Ite:     14 , MGM Ite:     13 , MGM Vel_Err:   0.996885E-02
Time Step     95, #PI:      1, #TPI:    198 , MGM: Poisson Ite:     35 , Max Laplace Ite:     14 , MGM Ite:     12 , MGM Vel_Err:   0.996885E-02
Time Step     95, #PI:      1, #TPI:    199 , MGM: Poisson Ite:     35 , Max Laplace Ite:     14 , MGM Ite:     13 , MGM Vel_Err:   0.996885E-02
Time Step     96, #PI:      1, #TPI:    200 , MGM: Poisson Ite:     35 , Max Laplace Ite:     14 , MGM Ite:     12 , MGM Vel_Err:   0.996885E-02
Time Step     96, #PI:      1, #TPI:    201 , MGM: Poisson Ite:     35 , Max Laplace Ite:     14 , MGM Ite:     13 , MGM Vel_Err:   0.996885E-02
Time Step     97, #PI:      1, #TPI:    202 , MGM: Poisson Ite:     35 , Max Laplace Ite:     14 , MGM Ite:     13 , MGM Vel_Err:   0.996885E-02
Time Step     97, #PI:      1, #TPI:    203 , MGM: Poisson Ite:     35 , Max Laplace Ite:     14 , MGM Ite:     13 , MGM Vel_Err:   0.996885E-02
Time Step     98, #PI:      1, #TPI:    204 , MGM: Poisson Ite:     35 , Max Laplace Ite:     14 , MGM Ite:     13 , MGM Vel_Err:   0.996885E-02
Time Step     98, #PI:      1, #TPI:    205 , MGM: Poisson Ite:     35 , Max Laplace Ite:     14 , MGM Ite:     13 , MGM Vel_Err:   0.997128E-02
Time Step     99, #PI:      1, #TPI:    206 , MGM: Poisson Ite:     35 , Max Laplace Ite:     14 , MGM Ite:     13 , MGM Vel_Err:   0.997128E-02
Time Step     99, #PI:      1, #TPI:    207 , MGM: Poisson Ite:     35 , Max Laplace Ite:     14 , MGM Ite:     13 , MGM Vel_Err:   0.100553E-01
Time Step    100, #PI:      1, #TPI:    208 , MGM: Poisson Ite:     35 , Max Laplace Ite:     14 , MGM Ite:     13 , MGM Vel_Err:   0.100553E-01
Time Step    100, #PI:      1, #TPI:    209 , MGM: Poisson Ite:     35 , Max Laplace Ite:     14 , MGM Ite:     13 , MGM Vel_Err:   0.101393E-01
Time Step    101, #PI:      1, #TPI:    210 , MGM: Poisson Ite:     35 , Max Laplace Ite:     14 , MGM Ite:     13 , MGM Vel_Err:   0.101393E-01
Time Step    101, #PI:      1, #TPI:    211 , MGM: Poisson Ite:     35 , Max Laplace Ite:     14 , MGM Ite:     13 , MGM Vel_Err:   0.102234E-01
Time Step    102, #PI:      1, #TPI:    212 , MGM: Poisson Ite:     35 , Max Laplace Ite:     14 , MGM Ite:     13 , MGM Vel_Err:   0.102234E-01
Time Step    102, #PI:      1, #TPI:    213 , MGM: Poisson Ite:     35 , Max Laplace Ite:     14 , MGM Ite:     13 , MGM Vel_Err:   0.103075E-01
Time Step    103, #PI:      1, #TPI:    214 , MGM: Poisson Ite:     35 , Max Laplace Ite:     14 , MGM Ite:     13 , MGM Vel_Err:   0.103075E-01
Time Step    103, #PI:      1, #TPI:    215 , MGM: Poisson Ite:     35 , Max Laplace Ite:     14 , MGM Ite:     13 , MGM Vel_Err:   0.103916E-01
Time Step    104, #PI:      1, #TPI:    216 , MGM: Poisson Ite:     35 , Max Laplace Ite:     14 , MGM Ite:     13 , MGM Vel_Err:   0.103916E-01
Time Step    104, #PI:      1, #TPI:    217 , MGM: Poisson Ite:     35 , Max Laplace Ite:     14 , MGM Ite:     13 , MGM Vel_Err:   0.104757E-01
Time Step    105, #PI:      1, #TPI:    218 , MGM: Poisson Ite:     35 , Max Laplace Ite:     14 , MGM Ite:     13 , MGM Vel_Err:   0.104757E-01
Time Step    105, #PI:      1, #TPI:    219 , MGM: Poisson Ite:     35 , Max Laplace Ite:     14 , MGM Ite:     13 , MGM Vel_Err:   0.105599E-01
Time Step    106, #PI:      1, #TPI:    220 , MGM: Poisson Ite:     35 , Max Laplace Ite:     14 , MGM Ite:     13 , MGM Vel_Err:   0.105599E-01
Time Step    106, #PI:      1, #TPI:    221 , MGM: Poisson Ite:     35 , Max Laplace Ite:     14 , MGM Ite:     13 , MGM Vel_Err:   0.106442E-01
Time Step    107, #PI:      1, #TPI:    222 , MGM: Poisson Ite:     35 , Max Laplace Ite:     14 , MGM Ite:     13 , MGM Vel_Err:   0.106442E-01
Time Step    107, #PI:      1, #TPI:    223 , MGM: Poisson Ite:     35 , Max Laplace Ite:     14 , MGM Ite:     13 , MGM Vel_Err:   0.107284E-01
Time Step    108, #PI:      1, #TPI:    224 , MGM: Poisson Ite:     35 , Max Laplace Ite:     14 , MGM Ite:     13 , MGM Vel_Err:   0.107284E-01
Time Step    108, #PI:      1, #TPI:    225 , MGM: Poisson Ite:     35 , Max Laplace Ite:     14 , MGM Ite:     14 , MGM Vel_Err:   0.108127E-01
Time Step    109, #PI:      1, #TPI:    226 , MGM: Poisson Ite:     35 , Max Laplace Ite:     14 , MGM Ite:     13 , MGM Vel_Err:   0.108127E-01
Time Step    109, #PI:      1, #TPI:    227 , MGM: Poisson Ite:     35 , Max Laplace Ite:     15 , MGM Ite:     14 , MGM Vel_Err:   0.108928E-01
Time Step    110, #PI:      1, #TPI:    228 , MGM: Poisson Ite:     35 , Max Laplace Ite:     15 , MGM Ite:     13 , MGM Vel_Err:   0.108928E-01
Time Step    110, #PI:      1, #TPI:    229 , MGM: Poisson Ite:     35 , Max Laplace Ite:     15 , MGM Ite:     13 , MGM Vel_Err:   0.108928E-01
Time Step    110, #PI:      1, #TPI:    230 , MGM: Poisson Ite:     35 , Max Laplace Ite:     15 , MGM Ite:     13 , MGM Vel_Err:   0.108928E-01
Time Step    111, #PI:      1, #TPI:    231 , MGM: Poisson Ite:     35 , Max Laplace Ite:     15 , MGM Ite:     13 , MGM Vel_Err:   0.108928E-01
Time Step    111, #PI:      1, #TPI:    232 , MGM: Poisson Ite:     35 , Max Laplace Ite:     15 , MGM Ite:     13 , MGM Vel_Err:   0.108928E-01
Time Step    112, #PI:      1, #TPI:    233 , MGM: Poisson Ite:     35 , Max Laplace Ite:     15 , MGM Ite:     13 , MGM Vel_Err:   0.108928E-01
Time Step    112, #PI:      1, #TPI:    234 , MGM: Poisson Ite:     35 , Max Laplace Ite:     15 , MGM Ite:     13 , MGM Vel_Err:   0.108928E-01
Time Step    113, #PI:      1, #TPI:    235 , MGM: Poisson Ite:     35 , Max Laplace Ite:     15 , MGM Ite:     13 , MGM Vel_Err:   0.108928E-01
Time Step    113, #PI:      1, #TPI:    236 , MGM: Poisson Ite:     35 , Max Laplace Ite:     15 , MGM Ite:     13 , MGM Vel_Err:   0.108928E-01
Time Step    114, #PI:      1, #TPI:    237 , MGM: Poisson Ite:     35 , Max Laplace Ite:     15 , MGM Ite:     13 , MGM Vel_Err:   0.108928E-01
Time Step    114, #PI:      1, #TPI:    238 , MGM: Poisson Ite:     35 , Max Laplace Ite:     15 , MGM Ite:     13 , MGM Vel_Err:   0.108928E-01
Time Step    115, #PI:      1, #TPI:    239 , MGM: Poisson Ite:     35 , Max Laplace Ite:     15 , MGM Ite:     13 , MGM Vel_Err:   0.108928E-01
Time Step    115, #PI:      1, #TPI:    240 , MGM: Poisson Ite:     35 , Max Laplace Ite:     15 , MGM Ite:     13 , MGM Vel_Err:   0.108928E-01
Time Step    116, #PI:      1, #TPI:    241 , MGM: Poisson Ite:     35 , Max Laplace Ite:     15 , MGM Ite:     13 , MGM Vel_Err:   0.108928E-01
Time Step    116, #PI:      1, #TPI:    242 , MGM: Poisson Ite:     35 , Max Laplace Ite:     15 , MGM Ite:     13 , MGM Vel_Err:   0.108928E-01
Time Step    117, #PI:      1, #TPI:    243 , MGM: Poisson Ite:     35 , Max Laplace Ite:     15 , MGM Ite:     13 , MGM Vel_Err:   0.108928E-01
Time Step    117, #PI:      1, #TPI:    244 , MGM: Poisson Ite:     35 , Max Laplace Ite:     15 , MGM Ite:     13 , MGM Vel_Err:   0.108928E-01
Time Step    118, #PI:      1, #TPI:    245 , MGM: Poisson Ite:     35 , Max Laplace Ite:     15 , MGM Ite:     13 , MGM Vel_Err:   0.108928E-01
Time Step    118, #PI:      1, #TPI:    246 , MGM: Poisson Ite:     35 , Max Laplace Ite:     15 , MGM Ite:     13 , MGM Vel_Err:   0.108928E-01
Time Step    119, #PI:      1, #TPI:    247 , MGM: Poisson Ite:     35 , Max Laplace Ite:     15 , MGM Ite:     13 , MGM Vel_Err:   0.108928E-01
Time Step    119, #PI:      1, #TPI:    248 , MGM: Poisson Ite:     35 , Max Laplace Ite:     15 , MGM Ite:     13 , MGM Vel_Err:   0.108928E-01
Time Step    120, #PI:      1, #TPI:    249 , MGM: Poisson Ite:     35 , Max Laplace Ite:     15 , MGM Ite:     13 , MGM Vel_Err:   0.108928E-01
Time Step    120, #PI:      1, #TPI:    250 , MGM: Poisson Ite:     35 , Max Laplace Ite:     15 , MGM Ite:     13 , MGM Vel_Err:   0.108928E-01
Time Step    121, #PI:      1, #TPI:    251 , MGM: Poisson Ite:     35 , Max Laplace Ite:     15 , MGM Ite:     13 , MGM Vel_Err:   0.108928E-01
Time Step    121, #PI:      1, #TPI:    252 , MGM: Poisson Ite:     35 , Max Laplace Ite:     15 , MGM Ite:     13 , MGM Vel_Err:   0.108928E-01
Time Step    122, #PI:      1, #TPI:    253 , MGM: Poisson Ite:     36 , Max Laplace Ite:     15 , MGM Ite:     13 , MGM Vel_Err:   0.108928E-01
Time Step    122, #PI:      1, #TPI:    254 , MGM: Poisson Ite:     36 , Max Laplace Ite:     15 , MGM Ite:     14 , MGM Vel_Err:   0.108928E-01
Time Step    123, #PI:      1, #TPI:    255 , MGM: Poisson Ite:     36 , Max Laplace Ite:     15 , MGM Ite:     13 , MGM Vel_Err:   0.108928E-01
Time Step    123, #PI:      1, #TPI:    256 , MGM: Poisson Ite:     36 , Max Laplace Ite:     15 , MGM Ite:     14 , MGM Vel_Err:   0.108928E-01
Time Step    124, #PI:      1, #TPI:    257 , MGM: Poisson Ite:     36 , Max Laplace Ite:     15 , MGM Ite:     13 , MGM Vel_Err:   0.108928E-01
Time Step    124, #PI:      1, #TPI:    258 , MGM: Poisson Ite:     36 , Max Laplace Ite:     15 , MGM Ite:     14 , MGM Vel_Err:   0.108928E-01
Time Step    125, #PI:      1, #TPI:    259 , MGM: Poisson Ite:     36 , Max Laplace Ite:     15 , MGM Ite:     13 , MGM Vel_Err:   0.108928E-01
Time Step    125, #PI:      1, #TPI:    260 , MGM: Poisson Ite:     36 , Max Laplace Ite:     15 , MGM Ite:     14 , MGM Vel_Err:   0.108928E-01
Time Step    126, #PI:      1, #TPI:    261 , MGM: Poisson Ite:     36 , Max Laplace Ite:     15 , MGM Ite:     14 , MGM Vel_Err:   0.108928E-01
Time Step    126, #PI:      1, #TPI:    262 , MGM: Poisson Ite:     36 , Max Laplace Ite:     15 , MGM Ite:     14 , MGM Vel_Err:   0.109453E-01
Time Step    127, #PI:      1, #TPI:    263 , MGM: Poisson Ite:     36 , Max Laplace Ite:     15 , MGM Ite:     14 , MGM Vel_Err:   0.109453E-01
Time Step    127, #PI:      1, #TPI:    264 , MGM: Poisson Ite:     36 , Max Laplace Ite:     15 , MGM Ite:     14 , MGM Vel_Err:   0.110142E-01
Time Step    128, #PI:      1, #TPI:    265 , MGM: Poisson Ite:     36 , Max Laplace Ite:     15 , MGM Ite:     14 , MGM Vel_Err:   0.110142E-01
Time Step    128, #PI:      1, #TPI:    266 , MGM: Poisson Ite:     36 , Max Laplace Ite:     15 , MGM Ite:     14 , MGM Vel_Err:   0.110832E-01
Time Step    129, #PI:      1, #TPI:    267 , MGM: Poisson Ite:     36 , Max Laplace Ite:     15 , MGM Ite:     14 , MGM Vel_Err:   0.110832E-01
Time Step    129, #PI:      1, #TPI:    268 , MGM: Poisson Ite:     37 , Max Laplace Ite:     15 , MGM Ite:     14 , MGM Vel_Err:   0.111523E-01
Time Step    130, #PI:      1, #TPI:    269 , MGM: Poisson Ite:     37 , Max Laplace Ite:     15 , MGM Ite:     14 , MGM Vel_Err:   0.111523E-01
Time Step    130, #PI:      1, #TPI:    270 , MGM: Poisson Ite:     37 , Max Laplace Ite:     15 , MGM Ite:     14 , MGM Vel_Err:   0.112214E-01
Time Step    131, #PI:      1, #TPI:    271 , MGM: Poisson Ite:     37 , Max Laplace Ite:     15 , MGM Ite:     14 , MGM Vel_Err:   0.112214E-01
Time Step    131, #PI:      1, #TPI:    272 , MGM: Poisson Ite:     37 , Max Laplace Ite:     15 , MGM Ite:     14 , MGM Vel_Err:   0.112905E-01
Time Step    132, #PI:      1, #TPI:    273 , MGM: Poisson Ite:     37 , Max Laplace Ite:     15 , MGM Ite:     14 , MGM Vel_Err:   0.112905E-01
Time Step    132, #PI:      1, #TPI:    274 , MGM: Poisson Ite:     37 , Max Laplace Ite:     15 , MGM Ite:     14 , MGM Vel_Err:   0.113597E-01
Time Step    133, #PI:      1, #TPI:    275 , MGM: Poisson Ite:     37 , Max Laplace Ite:     15 , MGM Ite:     14 , MGM Vel_Err:   0.113597E-01
Time Step    133, #PI:      1, #TPI:    276 , MGM: Poisson Ite:     37 , Max Laplace Ite:     15 , MGM Ite:     14 , MGM Vel_Err:   0.114289E-01
Time Step    134, #PI:      1, #TPI:    277 , MGM: Poisson Ite:     37 , Max Laplace Ite:     15 , MGM Ite:     14 , MGM Vel_Err:   0.114289E-01
Time Step    134, #PI:      1, #TPI:    278 , MGM: Poisson Ite:     37 , Max Laplace Ite:     15 , MGM Ite:     14 , MGM Vel_Err:   0.114982E-01
Time Step    135, #PI:      1, #TPI:    279 , MGM: Poisson Ite:     37 , Max Laplace Ite:     15 , MGM Ite:     14 , MGM Vel_Err:   0.114982E-01
Time Step    135, #PI:      1, #TPI:    280 , MGM: Poisson Ite:     37 , Max Laplace Ite:     15 , MGM Ite:     14 , MGM Vel_Err:   0.115675E-01
Time Step    136, #PI:      1, #TPI:    281 , MGM: Poisson Ite:     37 , Max Laplace Ite:     15 , MGM Ite:     14 , MGM Vel_Err:   0.115675E-01
Time Step    136, #PI:      1, #TPI:    282 , MGM: Poisson Ite:     37 , Max Laplace Ite:     15 , MGM Ite:     14 , MGM Vel_Err:   0.116368E-01
Time Step    137, #PI:      1, #TPI:    283 , MGM: Poisson Ite:     37 , Max Laplace Ite:     15 , MGM Ite:     14 , MGM Vel_Err:   0.116368E-01
Time Step    137, #PI:      1, #TPI:    284 , MGM: Poisson Ite:     37 , Max Laplace Ite:     15 , MGM Ite:     14 , MGM Vel_Err:   0.117062E-01
Time Step    138, #PI:      1, #TPI:    285 , MGM: Poisson Ite:     37 , Max Laplace Ite:     15 , MGM Ite:     14 , MGM Vel_Err:   0.117062E-01
Time Step    138, #PI:      1, #TPI:    286 , MGM: Poisson Ite:     37 , Max Laplace Ite:     15 , MGM Ite:     14 , MGM Vel_Err:   0.117756E-01
Time Step    139, #PI:      1, #TPI:    287 , MGM: Poisson Ite:     37 , Max Laplace Ite:     15 , MGM Ite:     14 , MGM Vel_Err:   0.117756E-01
Time Step    139, #PI:      1, #TPI:    288 , MGM: Poisson Ite:     37 , Max Laplace Ite:     15 , MGM Ite:     14 , MGM Vel_Err:   0.118451E-01
Time Step    140, #PI:      1, #TPI:    289 , MGM: Poisson Ite:     37 , Max Laplace Ite:     15 , MGM Ite:     14 , MGM Vel_Err:   0.118451E-01
Time Step    140, #PI:      1, #TPI:    290 , MGM: Poisson Ite:     37 , Max Laplace Ite:     15 , MGM Ite:     14 , MGM Vel_Err:   0.119146E-01
Time Step    141, #PI:      1, #TPI:    291 , MGM: Poisson Ite:     37 , Max Laplace Ite:     15 , MGM Ite:     14 , MGM Vel_Err:   0.119146E-01
Time Step    141, #PI:      1, #TPI:    292 , MGM: Poisson Ite:     37 , Max Laplace Ite:     15 , MGM Ite:     13 , MGM Vel_Err:   0.119146E-01
Time Step    141, #PI:      1, #TPI:    293 , MGM: Poisson Ite:     37 , Max Laplace Ite:     15 , MGM Ite:     14 , MGM Vel_Err:   0.119146E-01
Time Step    142, #PI:      1, #TPI:    294 , MGM: Poisson Ite:     37 , Max Laplace Ite:     15 , MGM Ite:     14 , MGM Vel_Err:   0.119146E-01
Time Step    142, #PI:      1, #TPI:    295 , MGM: Poisson Ite:     37 , Max Laplace Ite:     15 , MGM Ite:     14 , MGM Vel_Err:   0.119146E-01
Time Step    143, #PI:      1, #TPI:    296 , MGM: Poisson Ite:     37 , Max Laplace Ite:     15 , MGM Ite:     14 , MGM Vel_Err:   0.119146E-01
Time Step    143, #PI:      1, #TPI:    297 , MGM: Poisson Ite:     37 , Max Laplace Ite:     15 , MGM Ite:     14 , MGM Vel_Err:   0.119146E-01
Time Step    144, #PI:      1, #TPI:    298 , MGM: Poisson Ite:     37 , Max Laplace Ite:     15 , MGM Ite:     14 , MGM Vel_Err:   0.119146E-01
Time Step    144, #PI:      1, #TPI:    299 , MGM: Poisson Ite:     37 , Max Laplace Ite:     15 , MGM Ite:     14 , MGM Vel_Err:   0.119146E-01
Time Step    145, #PI:      1, #TPI:    300 , MGM: Poisson Ite:     37 , Max Laplace Ite:     15 , MGM Ite:     14 , MGM Vel_Err:   0.119146E-01
Time Step    145, #PI:      1, #TPI:    301 , MGM: Poisson Ite:     37 , Max Laplace Ite:     15 , MGM Ite:     14 , MGM Vel_Err:   0.119146E-01
Time Step    146, #PI:      1, #TPI:    302 , MGM: Poisson Ite:     37 , Max Laplace Ite:     15 , MGM Ite:     14 , MGM Vel_Err:   0.119146E-01
Time Step    146, #PI:      1, #TPI:    303 , MGM: Poisson Ite:     37 , Max Laplace Ite:     15 , MGM Ite:     14 , MGM Vel_Err:   0.119146E-01
Time Step    147, #PI:      1, #TPI:    304 , MGM: Poisson Ite:     38 , Max Laplace Ite:     15 , MGM Ite:     14 , MGM Vel_Err:   0.119146E-01
Time Step    147, #PI:      1, #TPI:    305 , MGM: Poisson Ite:     38 , Max Laplace Ite:     15 , MGM Ite:     14 , MGM Vel_Err:   0.119146E-01
Time Step    148, #PI:      1, #TPI:    306 , MGM: Poisson Ite:     38 , Max Laplace Ite:     15 , MGM Ite:     14 , MGM Vel_Err:   0.119146E-01
Time Step    148, #PI:      1, #TPI:    307 , MGM: Poisson Ite:     38 , Max Laplace Ite:     15 , MGM Ite:     14 , MGM Vel_Err:   0.119146E-01
Time Step    149, #PI:      1, #TPI:    308 , MGM: Poisson Ite:     38 , Max Laplace Ite:     15 , MGM Ite:     14 , MGM Vel_Err:   0.119146E-01
Time Step    149, #PI:      1, #TPI:    309 , MGM: Poisson Ite:     38 , Max Laplace Ite:     15 , MGM Ite:     14 , MGM Vel_Err:   0.119146E-01
Time Step    150, #PI:      1, #TPI:    310 , MGM: Poisson Ite:     38 , Max Laplace Ite:     15 , MGM Ite:     14 , MGM Vel_Err:   0.119146E-01
Time Step    150, #PI:      1, #TPI:    311 , MGM: Poisson Ite:     38 , Max Laplace Ite:     15 , MGM Ite:     14 , MGM Vel_Err:   0.119146E-01
Time Step    151, #PI:      1, #TPI:    312 , MGM: Poisson Ite:     38 , Max Laplace Ite:     15 , MGM Ite:     14 , MGM Vel_Err:   0.119146E-01
Time Step    151, #PI:      1, #TPI:    313 , MGM: Poisson Ite:     38 , Max Laplace Ite:     15 , MGM Ite:     14 , MGM Vel_Err:   0.119146E-01
Time Step    152, #PI:      1, #TPI:    314 , MGM: Poisson Ite:     38 , Max Laplace Ite:     15 , MGM Ite:     14 , MGM Vel_Err:   0.119146E-01
Time Step    152, #PI:      1, #TPI:    315 , MGM: Poisson Ite:     38 , Max Laplace Ite:     15 , MGM Ite:     14 , MGM Vel_Err:   0.119146E-01
Time Step    153, #PI:      1, #TPI:    316 , MGM: Poisson Ite:     38 , Max Laplace Ite:     15 , MGM Ite:     14 , MGM Vel_Err:   0.119146E-01
Time Step    153, #PI:      1, #TPI:    317 , MGM: Poisson Ite:     38 , Max Laplace Ite:     15 , MGM Ite:     14 , MGM Vel_Err:   0.119146E-01
Time Step    154, #PI:      1, #TPI:    318 , MGM: Poisson Ite:     38 , Max Laplace Ite:     15 , MGM Ite:     14 , MGM Vel_Err:   0.119146E-01
Time Step    154, #PI:      1, #TPI:    319 , MGM: Poisson Ite:     38 , Max Laplace Ite:     15 , MGM Ite:     14 , MGM Vel_Err:   0.119146E-01
Time Step    155, #PI:      1, #TPI:    320 , MGM: Poisson Ite:     38 , Max Laplace Ite:     15 , MGM Ite:     14 , MGM Vel_Err:   0.119146E-01
Time Step    155, #PI:      1, #TPI:    321 , MGM: Poisson Ite:     38 , Max Laplace Ite:     15 , MGM Ite:     14 , MGM Vel_Err:   0.119146E-01
Time Step    156, #PI:      1, #TPI:    322 , MGM: Poisson Ite:     38 , Max Laplace Ite:     15 , MGM Ite:     14 , MGM Vel_Err:   0.119146E-01
Time Step    156, #PI:      1, #TPI:    323 , MGM: Poisson Ite:     38 , Max Laplace Ite:     15 , MGM Ite:     14 , MGM Vel_Err:   0.119146E-01
Time Step    157, #PI:      1, #TPI:    324 , MGM: Poisson Ite:     38 , Max Laplace Ite:     15 , MGM Ite:     14 , MGM Vel_Err:   0.119146E-01
Time Step    157, #PI:      1, #TPI:    325 , MGM: Poisson Ite:     38 , Max Laplace Ite:     15 , MGM Ite:     14 , MGM Vel_Err:   0.119146E-01
Time Step    158, #PI:      1, #TPI:    326 , MGM: Poisson Ite:     38 , Max Laplace Ite:     15 , MGM Ite:     14 , MGM Vel_Err:   0.119146E-01
Time Step    158, #PI:      1, #TPI:    327 , MGM: Poisson Ite:     38 , Max Laplace Ite:     15 , MGM Ite:     14 , MGM Vel_Err:   0.119146E-01
Time Step    159, #PI:      1, #TPI:    328 , MGM: Poisson Ite:     38 , Max Laplace Ite:     15 , MGM Ite:     14 , MGM Vel_Err:   0.119146E-01
Time Step    159, #PI:      1, #TPI:    329 , MGM: Poisson Ite:     39 , Max Laplace Ite:     15 , MGM Ite:     14 , MGM Vel_Err:   0.119146E-01
Time Step    160, #PI:      1, #TPI:    330 , MGM: Poisson Ite:     39 , Max Laplace Ite:     15 , MGM Ite:     14 , MGM Vel_Err:   0.119146E-01
Time Step    160, #PI:      1, #TPI:    331 , MGM: Poisson Ite:     39 , Max Laplace Ite:     15 , MGM Ite:     14 , MGM Vel_Err:   0.119146E-01
Time Step    161, #PI:      1, #TPI:    332 , MGM: Poisson Ite:     39 , Max Laplace Ite:     15 , MGM Ite:     14 , MGM Vel_Err:   0.119146E-01
Time Step    161, #PI:      1, #TPI:    333 , MGM: Poisson Ite:     39 , Max Laplace Ite:     15 , MGM Ite:     14 , MGM Vel_Err:   0.119146E-01
Time Step    162, #PI:      1, #TPI:    334 , MGM: Poisson Ite:     39 , Max Laplace Ite:     15 , MGM Ite:     14 , MGM Vel_Err:   0.119146E-01
Time Step    162, #PI:      1, #TPI:    335 , MGM: Poisson Ite:     39 , Max Laplace Ite:     15 , MGM Ite:     14 , MGM Vel_Err:   0.119372E-01
Time Step    163, #PI:      1, #TPI:    336 , MGM: Poisson Ite:     39 , Max Laplace Ite:     15 , MGM Ite:     14 , MGM Vel_Err:   0.119372E-01
Time Step    163, #PI:      1, #TPI:    337 , MGM: Poisson Ite:     39 , Max Laplace Ite:     15 , MGM Ite:     14 , MGM Vel_Err:   0.119945E-01
Time Step    164, #PI:      1, #TPI:    338 , MGM: Poisson Ite:     39 , Max Laplace Ite:     15 , MGM Ite:     14 , MGM Vel_Err:   0.119945E-01
Time Step    164, #PI:      1, #TPI:    339 , MGM: Poisson Ite:     39 , Max Laplace Ite:     15 , MGM Ite:     14 , MGM Vel_Err:   0.120519E-01
Time Step    165, #PI:      1, #TPI:    340 , MGM: Poisson Ite:     39 , Max Laplace Ite:     15 , MGM Ite:     14 , MGM Vel_Err:   0.120519E-01
Time Step    165, #PI:      1, #TPI:    341 , MGM: Poisson Ite:     39 , Max Laplace Ite:     15 , MGM Ite:     14 , MGM Vel_Err:   0.121093E-01
Time Step    166, #PI:      1, #TPI:    342 , MGM: Poisson Ite:     39 , Max Laplace Ite:     15 , MGM Ite:     14 , MGM Vel_Err:   0.121093E-01
Time Step    166, #PI:      1, #TPI:    343 , MGM: Poisson Ite:     39 , Max Laplace Ite:     15 , MGM Ite:     14 , MGM Vel_Err:   0.121669E-01
Time Step    167, #PI:      1, #TPI:    344 , MGM: Poisson Ite:     39 , Max Laplace Ite:     15 , MGM Ite:     14 , MGM Vel_Err:   0.121669E-01
Time Step    167, #PI:      1, #TPI:    345 , MGM: Poisson Ite:     39 , Max Laplace Ite:     15 , MGM Ite:     14 , MGM Vel_Err:   0.122245E-01
Time Step    168, #PI:      1, #TPI:    346 , MGM: Poisson Ite:     39 , Max Laplace Ite:     15 , MGM Ite:     14 , MGM Vel_Err:   0.122245E-01
Time Step    168, #PI:      1, #TPI:    347 , MGM: Poisson Ite:     39 , Max Laplace Ite:     15 , MGM Ite:     14 , MGM Vel_Err:   0.122821E-01
Time Step    169, #PI:      1, #TPI:    348 , MGM: Poisson Ite:     39 , Max Laplace Ite:     15 , MGM Ite:     14 , MGM Vel_Err:   0.122821E-01
Time Step    169, #PI:      1, #TPI:    349 , MGM: Poisson Ite:     39 , Max Laplace Ite:     15 , MGM Ite:     15 , MGM Vel_Err:   0.123399E-01
Time Step    170, #PI:      1, #TPI:    350 , MGM: Poisson Ite:     39 , Max Laplace Ite:     15 , MGM Ite:     14 , MGM Vel_Err:   0.123399E-01
Time Step    170, #PI:      1, #TPI:    351 , MGM: Poisson Ite:     39 , Max Laplace Ite:     15 , MGM Ite:     15 , MGM Vel_Err:   0.123924E-01
Time Step    171, #PI:      1, #TPI:    352 , MGM: Poisson Ite:     39 , Max Laplace Ite:     15 , MGM Ite:     14 , MGM Vel_Err:   0.123924E-01
Time Step    171, #PI:      1, #TPI:    353 , MGM: Poisson Ite:     39 , Max Laplace Ite:     15 , MGM Ite:     15 , MGM Vel_Err:   0.124503E-01
Time Step    172, #PI:      1, #TPI:    354 , MGM: Poisson Ite:     39 , Max Laplace Ite:     15 , MGM Ite:     14 , MGM Vel_Err:   0.124503E-01
Time Step    172, #PI:      1, #TPI:    355 , MGM: Poisson Ite:     39 , Max Laplace Ite:     15 , MGM Ite:     15 , MGM Vel_Err:   0.125083E-01
Time Step    173, #PI:      1, #TPI:    356 , MGM: Poisson Ite:     39 , Max Laplace Ite:     15 , MGM Ite:     15 , MGM Vel_Err:   0.125083E-01
Time Step    173, #PI:      1, #TPI:    357 , MGM: Poisson Ite:     39 , Max Laplace Ite:     15 , MGM Ite:     15 , MGM Vel_Err:   0.125563E-01
Time Step    174, #PI:      1, #TPI:    358 , MGM: Poisson Ite:     39 , Max Laplace Ite:     15 , MGM Ite:     15 , MGM Vel_Err:   0.125563E-01
Time Step    174, #PI:      1, #TPI:    359 , MGM: Poisson Ite:     39 , Max Laplace Ite:     15 , MGM Ite:     15 , MGM Vel_Err:   0.126145E-01
Time Step    175, #PI:      1, #TPI:    360 , MGM: Poisson Ite:     39 , Max Laplace Ite:     15 , MGM Ite:     15 , MGM Vel_Err:   0.126145E-01
Time Step    175, #PI:      1, #TPI:    361 , MGM: Poisson Ite:     39 , Max Laplace Ite:     15 , MGM Ite:     15 , MGM Vel_Err:   0.126728E-01
Time Step    176, #PI:      1, #TPI:    362 , MGM: Poisson Ite:     39 , Max Laplace Ite:     15 , MGM Ite:     15 , MGM Vel_Err:   0.126728E-01
Time Step    176, #PI:      1, #TPI:    363 , MGM: Poisson Ite:     39 , Max Laplace Ite:     15 , MGM Ite:     15 , MGM Vel_Err:   0.127313E-01
Time Step    177, #PI:      1, #TPI:    364 , MGM: Poisson Ite:     39 , Max Laplace Ite:     15 , MGM Ite:     15 , MGM Vel_Err:   0.127313E-01
Time Step    177, #PI:      1, #TPI:    365 , MGM: Poisson Ite:     39 , Max Laplace Ite:     15 , MGM Ite:     15 , MGM Vel_Err:   0.127897E-01
Time Step    178, #PI:      1, #TPI:    366 , MGM: Poisson Ite:     39 , Max Laplace Ite:     15 , MGM Ite:     15 , MGM Vel_Err:   0.127897E-01
Time Step    178, #PI:      1, #TPI:    367 , MGM: Poisson Ite:     39 , Max Laplace Ite:     15 , MGM Ite:     15 , MGM Vel_Err:   0.128482E-01
Time Step    179, #PI:      1, #TPI:    368 , MGM: Poisson Ite:     39 , Max Laplace Ite:     15 , MGM Ite:     15 , MGM Vel_Err:   0.128482E-01
Time Step    179, #PI:      1, #TPI:    369 , MGM: Poisson Ite:     39 , Max Laplace Ite:     15 , MGM Ite:     15 , MGM Vel_Err:   0.129068E-01
Time Step    180, #PI:      1, #TPI:    370 , MGM: Poisson Ite:     39 , Max Laplace Ite:     15 , MGM Ite:     15 , MGM Vel_Err:   0.129068E-01
Time Step    180, #PI:      1, #TPI:    371 , MGM: Poisson Ite:     39 , Max Laplace Ite:     15 , MGM Ite:     15 , MGM Vel_Err:   0.129654E-01
Time Step    181, #PI:      1, #TPI:    372 , MGM: Poisson Ite:     39 , Max Laplace Ite:     15 , MGM Ite:     15 , MGM Vel_Err:   0.129654E-01
Time Step    181, #PI:      1, #TPI:    373 , MGM: Poisson Ite:     39 , Max Laplace Ite:     15 , MGM Ite:     14 , MGM Vel_Err:   0.129654E-01
Time Step    181, #PI:      1, #TPI:    374 , MGM: Poisson Ite:     39 , Max Laplace Ite:     15 , MGM Ite:     14 , MGM Vel_Err:   0.129654E-01
Time Step    182, #PI:      1, #TPI:    375 , MGM: Poisson Ite:     39 , Max Laplace Ite:     15 , MGM Ite:     14 , MGM Vel_Err:   0.129654E-01
Time Step    182, #PI:      1, #TPI:    376 , MGM: Poisson Ite:     39 , Max Laplace Ite:     15 , MGM Ite:     14 , MGM Vel_Err:   0.129654E-01
Time Step    183, #PI:      1, #TPI:    377 , MGM: Poisson Ite:     39 , Max Laplace Ite:     15 , MGM Ite:     14 , MGM Vel_Err:   0.129654E-01
Time Step    183, #PI:      1, #TPI:    378 , MGM: Poisson Ite:     39 , Max Laplace Ite:     15 , MGM Ite:     14 , MGM Vel_Err:   0.129654E-01
Time Step    184, #PI:      1, #TPI:    379 , MGM: Poisson Ite:     39 , Max Laplace Ite:     15 , MGM Ite:     14 , MGM Vel_Err:   0.129654E-01
Time Step    184, #PI:      1, #TPI:    380 , MGM: Poisson Ite:     39 , Max Laplace Ite:     15 , MGM Ite:     14 , MGM Vel_Err:   0.129654E-01
Time Step    185, #PI:      1, #TPI:    381 , MGM: Poisson Ite:     39 , Max Laplace Ite:     15 , MGM Ite:     14 , MGM Vel_Err:   0.129654E-01
Time Step    185, #PI:      1, #TPI:    382 , MGM: Poisson Ite:     39 , Max Laplace Ite:     15 , MGM Ite:     14 , MGM Vel_Err:   0.129654E-01
Time Step    186, #PI:      1, #TPI:    383 , MGM: Poisson Ite:     39 , Max Laplace Ite:     15 , MGM Ite:     14 , MGM Vel_Err:   0.129654E-01
Time Step    186, #PI:      1, #TPI:    384 , MGM: Poisson Ite:     39 , Max Laplace Ite:     15 , MGM Ite:     14 , MGM Vel_Err:   0.129654E-01
Time Step    187, #PI:      1, #TPI:    385 , MGM: Poisson Ite:     39 , Max Laplace Ite:     15 , MGM Ite:     14 , MGM Vel_Err:   0.129654E-01
Time Step    187, #PI:      1, #TPI:    386 , MGM: Poisson Ite:     40 , Max Laplace Ite:     15 , MGM Ite:     14 , MGM Vel_Err:   0.129654E-01
Time Step    188, #PI:      1, #TPI:    387 , MGM: Poisson Ite:     40 , Max Laplace Ite:     15 , MGM Ite:     14 , MGM Vel_Err:   0.129654E-01
Time Step    188, #PI:      1, #TPI:    388 , MGM: Poisson Ite:     40 , Max Laplace Ite:     15 , MGM Ite:     14 , MGM Vel_Err:   0.129654E-01
Time Step    189, #PI:      1, #TPI:    389 , MGM: Poisson Ite:     40 , Max Laplace Ite:     15 , MGM Ite:     14 , MGM Vel_Err:   0.129654E-01
Time Step    189, #PI:      1, #TPI:    390 , MGM: Poisson Ite:     40 , Max Laplace Ite:     15 , MGM Ite:     14 , MGM Vel_Err:   0.129654E-01
Time Step    190, #PI:      1, #TPI:    391 , MGM: Poisson Ite:     40 , Max Laplace Ite:     15 , MGM Ite:     14 , MGM Vel_Err:   0.129654E-01
Time Step    190, #PI:      1, #TPI:    392 , MGM: Poisson Ite:     40 , Max Laplace Ite:     15 , MGM Ite:     15 , MGM Vel_Err:   0.129654E-01
Time Step    191, #PI:      1, #TPI:    393 , MGM: Poisson Ite:     40 , Max Laplace Ite:     15 , MGM Ite:     14 , MGM Vel_Err:   0.129654E-01
Time Step    191, #PI:      1, #TPI:    394 , MGM: Poisson Ite:     40 , Max Laplace Ite:     15 , MGM Ite:     15 , MGM Vel_Err:   0.129654E-01
Time Step    192, #PI:      1, #TPI:    395 , MGM: Poisson Ite:     40 , Max Laplace Ite:     15 , MGM Ite:     14 , MGM Vel_Err:   0.129654E-01
Time Step    192, #PI:      1, #TPI:    396 , MGM: Poisson Ite:     40 , Max Laplace Ite:     15 , MGM Ite:     15 , MGM Vel_Err:   0.129654E-01
Time Step    193, #PI:      1, #TPI:    397 , MGM: Poisson Ite:     40 , Max Laplace Ite:     15 , MGM Ite:     14 , MGM Vel_Err:   0.129654E-01
Time Step    193, #PI:      1, #TPI:    398 , MGM: Poisson Ite:     40 , Max Laplace Ite:     15 , MGM Ite:     15 , MGM Vel_Err:   0.129654E-01
Time Step    194, #PI:      1, #TPI:    399 , MGM: Poisson Ite:     40 , Max Laplace Ite:     15 , MGM Ite:     14 , MGM Vel_Err:   0.129654E-01
Time Step    194, #PI:      1, #TPI:    400 , MGM: Poisson Ite:     40 , Max Laplace Ite:     15 , MGM Ite:     15 , MGM Vel_Err:   0.129654E-01
Time Step    195, #PI:      1, #TPI:    401 , MGM: Poisson Ite:     40 , Max Laplace Ite:     15 , MGM Ite:     15 , MGM Vel_Err:   0.129654E-01
Time Step    195, #PI:      1, #TPI:    402 , MGM: Poisson Ite:     40 , Max Laplace Ite:     15 , MGM Ite:     15 , MGM Vel_Err:   0.129654E-01
Time Step    196, #PI:      1, #TPI:    403 , MGM: Poisson Ite:     40 , Max Laplace Ite:     15 , MGM Ite:     15 , MGM Vel_Err:   0.129654E-01
Time Step    196, #PI:      1, #TPI:    404 , MGM: Poisson Ite:     40 , Max Laplace Ite:     15 , MGM Ite:     15 , MGM Vel_Err:   0.129654E-01
Time Step    197, #PI:      1, #TPI:    405 , MGM: Poisson Ite:     40 , Max Laplace Ite:     15 , MGM Ite:     15 , MGM Vel_Err:   0.129654E-01
Time Step    197, #PI:      1, #TPI:    406 , MGM: Poisson Ite:     40 , Max Laplace Ite:     15 , MGM Ite:     15 , MGM Vel_Err:   0.129654E-01
Time Step    198, #PI:      1, #TPI:    407 , MGM: Poisson Ite:     40 , Max Laplace Ite:     15 , MGM Ite:     15 , MGM Vel_Err:   0.129654E-01
Time Step    198, #PI:      1, #TPI:    408 , MGM: Poisson Ite:     40 , Max Laplace Ite:     15 , MGM Ite:     15 , MGM Vel_Err:   0.129654E-01
Time Step    199, #PI:      1, #TPI:    409 , MGM: Poisson Ite:     40 , Max Laplace Ite:     15 , MGM Ite:     15 , MGM Vel_Err:   0.129654E-01
Time Step    199, #PI:      1, #TPI:    410 , MGM: Poisson Ite:     40 , Max Laplace Ite:     15 , MGM Ite:     15 , MGM Vel_Err:   0.129654E-01
Time Step    200, #PI:      1, #TPI:    411 , MGM: Poisson Ite:     40 , Max Laplace Ite:     15 , MGM Ite:     15 , MGM Vel_Err:   0.129654E-01
Time Step    200, #PI:      1, #TPI:    412 , MGM: Poisson Ite:     40 , Max Laplace Ite:     15 , MGM Ite:     15 , MGM Vel_Err:   0.129654E-01
Time Step    201, #PI:      1, #TPI:    413 , MGM: Poisson Ite:     40 , Max Laplace Ite:     15 , MGM Ite:     15 , MGM Vel_Err:   0.129654E-01
Time Step    201, #PI:      1, #TPI:    414 , MGM: Poisson Ite:     40 , Max Laplace Ite:     15 , MGM Ite:     15 , MGM Vel_Err:   0.129654E-01
Time Step    202, #PI:      1, #TPI:    415 , MGM: Poisson Ite:     40 , Max Laplace Ite:     15 , MGM Ite:     15 , MGM Vel_Err:   0.129654E-01
Time Step    202, #PI:      1, #TPI:    416 , MGM: Poisson Ite:     40 , Max Laplace Ite:     15 , MGM Ite:     15 , MGM Vel_Err:   0.129654E-01
Time Step    203, #PI:      1, #TPI:    417 , MGM: Poisson Ite:     40 , Max Laplace Ite:     15 , MGM Ite:     15 , MGM Vel_Err:   0.129654E-01
Time Step    203, #PI:      1, #TPI:    418 , MGM: Poisson Ite:     40 , Max Laplace Ite:     15 , MGM Ite:     15 , MGM Vel_Err:   0.129654E-01
Time Step    204, #PI:      1, #TPI:    419 , MGM: Poisson Ite:     40 , Max Laplace Ite:     15 , MGM Ite:     15 , MGM Vel_Err:   0.129654E-01
Time Step    204, #PI:      1, #TPI:    420 , MGM: Poisson Ite:     40 , Max Laplace Ite:     15 , MGM Ite:     15 , MGM Vel_Err:   0.129654E-01
Time Step    205, #PI:      1, #TPI:    421 , MGM: Poisson Ite:     40 , Max Laplace Ite:     15 , MGM Ite:     15 , MGM Vel_Err:   0.129654E-01
Time Step    205, #PI:      1, #TPI:    422 , MGM: Poisson Ite:     40 , Max Laplace Ite:     15 , MGM Ite:     15 , MGM Vel_Err:   0.129654E-01
Time Step    206, #PI:      1, #TPI:    423 , MGM: Poisson Ite:     40 , Max Laplace Ite:     15 , MGM Ite:     15 , MGM Vel_Err:   0.129654E-01
Time Step    206, #PI:      1, #TPI:    424 , MGM: Poisson Ite:     40 , Max Laplace Ite:     15 , MGM Ite:     15 , MGM Vel_Err:   0.129654E-01
Time Step    207, #PI:      1, #TPI:    425 , MGM: Poisson Ite:     40 , Max Laplace Ite:     15 , MGM Ite:     15 , MGM Vel_Err:   0.129654E-01
Time Step    207, #PI:      1, #TPI:    426 , MGM: Poisson Ite:     40 , Max Laplace Ite:     15 , MGM Ite:     15 , MGM Vel_Err:   0.129654E-01
Time Step    208, #PI:      1, #TPI:    427 , MGM: Poisson Ite:     40 , Max Laplace Ite:     15 , MGM Ite:     15 , MGM Vel_Err:   0.129654E-01
Time Step    208, #PI:      1, #TPI:    428 , MGM: Poisson Ite:     40 , Max Laplace Ite:     15 , MGM Ite:     15 , MGM Vel_Err:   0.130035E-01
Time Step    209, #PI:      1, #TPI:    429 , MGM: Poisson Ite:     40 , Max Laplace Ite:     15 , MGM Ite:     15 , MGM Vel_Err:   0.130035E-01
Time Step    209, #PI:      1, #TPI:    430 , MGM: Poisson Ite:     40 , Max Laplace Ite:     15 , MGM Ite:     15 , MGM Vel_Err:   0.130529E-01
Time Step    210, #PI:      1, #TPI:    431 , MGM: Poisson Ite:     40 , Max Laplace Ite:     15 , MGM Ite:     15 , MGM Vel_Err:   0.130529E-01
Time Step    210, #PI:      1, #TPI:    432 , MGM: Poisson Ite:     40 , Max Laplace Ite:     15 , MGM Ite:     15 , MGM Vel_Err:   0.131023E-01
Time Step    211, #PI:      1, #TPI:    433 , MGM: Poisson Ite:     40 , Max Laplace Ite:     15 , MGM Ite:     15 , MGM Vel_Err:   0.131023E-01
Time Step    211, #PI:      1, #TPI:    434 , MGM: Poisson Ite:     40 , Max Laplace Ite:     15 , MGM Ite:     15 , MGM Vel_Err:   0.131517E-01
Time Step    212, #PI:      1, #TPI:    435 , MGM: Poisson Ite:     40 , Max Laplace Ite:     15 , MGM Ite:     15 , MGM Vel_Err:   0.131517E-01
Time Step    212, #PI:      1, #TPI:    436 , MGM: Poisson Ite:     40 , Max Laplace Ite:     15 , MGM Ite:     15 , MGM Vel_Err:   0.132013E-01
Time Step    213, #PI:      1, #TPI:    437 , MGM: Poisson Ite:     40 , Max Laplace Ite:     15 , MGM Ite:     15 , MGM Vel_Err:   0.132013E-01
Time Step    213, #PI:      1, #TPI:    438 , MGM: Poisson Ite:     40 , Max Laplace Ite:     15 , MGM Ite:     15 , MGM Vel_Err:   0.132509E-01
Time Step    214, #PI:      1, #TPI:    439 , MGM: Poisson Ite:     40 , Max Laplace Ite:     15 , MGM Ite:     15 , MGM Vel_Err:   0.132509E-01
Time Step    214, #PI:      1, #TPI:    440 , MGM: Poisson Ite:     40 , Max Laplace Ite:     15 , MGM Ite:     15 , MGM Vel_Err:   0.133007E-01
Time Step    215, #PI:      1, #TPI:    441 , MGM: Poisson Ite:     40 , Max Laplace Ite:     15 , MGM Ite:     15 , MGM Vel_Err:   0.133007E-01
Time Step    215, #PI:      1, #TPI:    442 , MGM: Poisson Ite:     40 , Max Laplace Ite:     15 , MGM Ite:     15 , MGM Vel_Err:   0.133505E-01
Time Step    216, #PI:      1, #TPI:    443 , MGM: Poisson Ite:     40 , Max Laplace Ite:     15 , MGM Ite:     15 , MGM Vel_Err:   0.133505E-01
Time Step    216, #PI:      1, #TPI:    444 , MGM: Poisson Ite:     40 , Max Laplace Ite:     15 , MGM Ite:     15 , MGM Vel_Err:   0.134004E-01
Time Step    217, #PI:      1, #TPI:    445 , MGM: Poisson Ite:     40 , Max Laplace Ite:     15 , MGM Ite:     15 , MGM Vel_Err:   0.134004E-01
Time Step    217, #PI:      1, #TPI:    446 , MGM: Poisson Ite:     40 , Max Laplace Ite:     15 , MGM Ite:     15 , MGM Vel_Err:   0.134504E-01
Time Step    218, #PI:      1, #TPI:    447 , MGM: Poisson Ite:     40 , Max Laplace Ite:     15 , MGM Ite:     15 , MGM Vel_Err:   0.134504E-01
Time Step    218, #PI:      1, #TPI:    448 , MGM: Poisson Ite:     40 , Max Laplace Ite:     15 , MGM Ite:     15 , MGM Vel_Err:   0.135005E-01
Time Step    219, #PI:      1, #TPI:    449 , MGM: Poisson Ite:     40 , Max Laplace Ite:     15 , MGM Ite:     15 , MGM Vel_Err:   0.135005E-01
Time Step    219, #PI:      1, #TPI:    450 , MGM: Poisson Ite:     40 , Max Laplace Ite:     15 , MGM Ite:     15 , MGM Vel_Err:   0.135507E-01
Time Step    220, #PI:      1, #TPI:    451 , MGM: Poisson Ite:     40 , Max Laplace Ite:     15 , MGM Ite:     15 , MGM Vel_Err:   0.135507E-01
Time Step    220, #PI:      1, #TPI:    452 , MGM: Poisson Ite:     40 , Max Laplace Ite:     15 , MGM Ite:     15 , MGM Vel_Err:   0.136009E-01
Time Step    221, #PI:      1, #TPI:    453 , MGM: Poisson Ite:     40 , Max Laplace Ite:     15 , MGM Ite:     15 , MGM Vel_Err:   0.136009E-01
Time Step    221, #PI:      1, #TPI:    454 , MGM: Poisson Ite:     40 , Max Laplace Ite:     15 , MGM Ite:     15 , MGM Vel_Err:   0.136513E-01
Time Step    222, #PI:      1, #TPI:    455 , MGM: Poisson Ite:     40 , Max Laplace Ite:     15 , MGM Ite:     15 , MGM Vel_Err:   0.136513E-01
Time Step    222, #PI:      1, #TPI:    456 , MGM: Poisson Ite:     40 , Max Laplace Ite:     15 , MGM Ite:     15 , MGM Vel_Err:   0.137017E-01
Time Step    223, #PI:      1, #TPI:    457 , MGM: Poisson Ite:     40 , Max Laplace Ite:     15 , MGM Ite:     15 , MGM Vel_Err:   0.137017E-01
Time Step    223, #PI:      1, #TPI:    458 , MGM: Poisson Ite:     40 , Max Laplace Ite:     15 , MGM Ite:     15 , MGM Vel_Err:   0.137523E-01
Time Step    224, #PI:      1, #TPI:    459 , MGM: Poisson Ite:     40 , Max Laplace Ite:     15 , MGM Ite:     15 , MGM Vel_Err:   0.137523E-01
Time Step    224, #PI:      1, #TPI:    460 , MGM: Poisson Ite:     40 , Max Laplace Ite:     15 , MGM Ite:     15 , MGM Vel_Err:   0.138029E-01
Time Step    225, #PI:      1, #TPI:    461 , MGM: Poisson Ite:     40 , Max Laplace Ite:     15 , MGM Ite:     15 , MGM Vel_Err:   0.138029E-01
Time Step    225, #PI:      1, #TPI:    462 , MGM: Poisson Ite:     40 , Max Laplace Ite:     15 , MGM Ite:     15 , MGM Vel_Err:   0.138536E-01
Time Step    226, #PI:      1, #TPI:    463 , MGM: Poisson Ite:     40 , Max Laplace Ite:     15 , MGM Ite:     15 , MGM Vel_Err:   0.138536E-01
Time Step    226, #PI:      1, #TPI:    464 , MGM: Poisson Ite:     40 , Max Laplace Ite:     15 , MGM Ite:     15 , MGM Vel_Err:   0.139044E-01
Time Step    227, #PI:      1, #TPI:    465 , MGM: Poisson Ite:     40 , Max Laplace Ite:     15 , MGM Ite:     15 , MGM Vel_Err:   0.139044E-01
Time Step    227, #PI:      1, #TPI:    466 , MGM: Poisson Ite:     40 , Max Laplace Ite:     15 , MGM Ite:     15 , MGM Vel_Err:   0.139552E-01
Time Step    228, #PI:      1, #TPI:    467 , MGM: Poisson Ite:     40 , Max Laplace Ite:     15 , MGM Ite:     15 , MGM Vel_Err:   0.139552E-01
Time Step    228, #PI:      1, #TPI:    468 , MGM: Poisson Ite:     40 , Max Laplace Ite:     15 , MGM Ite:     15 , MGM Vel_Err:   0.140062E-01
Time Step    229, #PI:      1, #TPI:    469 , MGM: Poisson Ite:     40 , Max Laplace Ite:     15 , MGM Ite:     15 , MGM Vel_Err:   0.140062E-01
Time Step    229, #PI:      1, #TPI:    470 , MGM: Poisson Ite:     40 , Max Laplace Ite:     15 , MGM Ite:     15 , MGM Vel_Err:   0.140572E-01
Time Step    230, #PI:      1, #TPI:    471 , MGM: Poisson Ite:     40 , Max Laplace Ite:     15 , MGM Ite:     15 , MGM Vel_Err:   0.140572E-01
Time Step    230, #PI:      1, #TPI:    472 , MGM: Poisson Ite:     40 , Max Laplace Ite:     15 , MGM Ite:     15 , MGM Vel_Err:   0.141084E-01
Time Step    231, #PI:      1, #TPI:    473 , MGM: Poisson Ite:     40 , Max Laplace Ite:     15 , MGM Ite:     15 , MGM Vel_Err:   0.141084E-01
Time Step    231, #PI:      1, #TPI:    474 , MGM: Poisson Ite:     40 , Max Laplace Ite:     15 , MGM Ite:     15 , MGM Vel_Err:   0.141596E-01
Time Step    232, #PI:      1, #TPI:    475 , MGM: Poisson Ite:     40 , Max Laplace Ite:     15 , MGM Ite:     15 , MGM Vel_Err:   0.141596E-01
Time Step    232, #PI:      1, #TPI:    476 , MGM: Poisson Ite:     40 , Max Laplace Ite:     15 , MGM Ite:     15 , MGM Vel_Err:   0.141596E-01
Time Step    232, #PI:      1, #TPI:    477 , MGM: Poisson Ite:     41 , Max Laplace Ite:     15 , MGM Ite:     15 , MGM Vel_Err:   0.141596E-01
Time Step    233, #PI:      1, #TPI:    478 , MGM: Poisson Ite:     40 , Max Laplace Ite:     15 , MGM Ite:     15 , MGM Vel_Err:   0.141596E-01
Time Step    233, #PI:      1, #TPI:    479 , MGM: Poisson Ite:     41 , Max Laplace Ite:     15 , MGM Ite:     15 , MGM Vel_Err:   0.141596E-01
Time Step    234, #PI:      1, #TPI:    480 , MGM: Poisson Ite:     41 , Max Laplace Ite:     15 , MGM Ite:     15 , MGM Vel_Err:   0.141596E-01
Time Step    234, #PI:      1, #TPI:    481 , MGM: Poisson Ite:     41 , Max Laplace Ite:     15 , MGM Ite:     15 , MGM Vel_Err:   0.141596E-01
Time Step    235, #PI:      1, #TPI:    482 , MGM: Poisson Ite:     41 , Max Laplace Ite:     15 , MGM Ite:     15 , MGM Vel_Err:   0.141596E-01
Time Step    235, #PI:      1, #TPI:    483 , MGM: Poisson Ite:     41 , Max Laplace Ite:     15 , MGM Ite:     15 , MGM Vel_Err:   0.141596E-01
Time Step    236, #PI:      1, #TPI:    484 , MGM: Poisson Ite:     41 , Max Laplace Ite:     15 , MGM Ite:     15 , MGM Vel_Err:   0.141596E-01
Time Step    236, #PI:      1, #TPI:    485 , MGM: Poisson Ite:     41 , Max Laplace Ite:     15 , MGM Ite:     15 , MGM Vel_Err:   0.141596E-01
Time Step    237, #PI:      1, #TPI:    486 , MGM: Poisson Ite:     41 , Max Laplace Ite:     15 , MGM Ite:     15 , MGM Vel_Err:   0.141596E-01
Time Step    237, #PI:      1, #TPI:    487 , MGM: Poisson Ite:     41 , Max Laplace Ite:     15 , MGM Ite:     15 , MGM Vel_Err:   0.141596E-01
Time Step    238, #PI:      1, #TPI:    488 , MGM: Poisson Ite:     41 , Max Laplace Ite:     15 , MGM Ite:     15 , MGM Vel_Err:   0.141596E-01
Time Step    238, #PI:      1, #TPI:    489 , MGM: Poisson Ite:     41 , Max Laplace Ite:     15 , MGM Ite:     15 , MGM Vel_Err:   0.141596E-01
Time Step    239, #PI:      1, #TPI:    490 , MGM: Poisson Ite:     41 , Max Laplace Ite:     15 , MGM Ite:     15 , MGM Vel_Err:   0.141596E-01
Time Step    239, #PI:      1, #TPI:    491 , MGM: Poisson Ite:     41 , Max Laplace Ite:     15 , MGM Ite:     15 , MGM Vel_Err:   0.141596E-01
Time Step    240, #PI:      1, #TPI:    492 , MGM: Poisson Ite:     41 , Max Laplace Ite:     15 , MGM Ite:     15 , MGM Vel_Err:   0.141596E-01
Time Step    240, #PI:      1, #TPI:    493 , MGM: Poisson Ite:     41 , Max Laplace Ite:     15 , MGM Ite:     15 , MGM Vel_Err:   0.141596E-01
Time Step    241, #PI:      1, #TPI:    494 , MGM: Poisson Ite:     41 , Max Laplace Ite:     15 , MGM Ite:     15 , MGM Vel_Err:   0.141596E-01
Time Step    241, #PI:      1, #TPI:    495 , MGM: Poisson Ite:     41 , Max Laplace Ite:     15 , MGM Ite:     15 , MGM Vel_Err:   0.141596E-01
Time Step    242, #PI:      1, #TPI:    496 , MGM: Poisson Ite:     41 , Max Laplace Ite:     15 , MGM Ite:     15 , MGM Vel_Err:   0.141596E-01
Time Step    242, #PI:      1, #TPI:    497 , MGM: Poisson Ite:     41 , Max Laplace Ite:     15 , MGM Ite:     15 , MGM Vel_Err:   0.141596E-01
Time Step    243, #PI:      1, #TPI:    498 , MGM: Poisson Ite:     41 , Max Laplace Ite:     15 , MGM Ite:     15 , MGM Vel_Err:   0.141596E-01
Time Step    243, #PI:      1, #TPI:    499 , MGM: Poisson Ite:     41 , Max Laplace Ite:     15 , MGM Ite:     15 , MGM Vel_Err:   0.141596E-01
Time Step    244, #PI:      1, #TPI:    500 , MGM: Poisson Ite:     41 , Max Laplace Ite:     15 , MGM Ite:     15 , MGM Vel_Err:   0.141596E-01
Time Step    244, #PI:      1, #TPI:    501 , MGM: Poisson Ite:     41 , Max Laplace Ite:     15 , MGM Ite:     15 , MGM Vel_Err:   0.141596E-01
Time Step    245, #PI:      1, #TPI:    502 , MGM: Poisson Ite:     41 , Max Laplace Ite:     15 , MGM Ite:     15 , MGM Vel_Err:   0.141596E-01
Time Step    245, #PI:      1, #TPI:    503 , MGM: Poisson Ite:     41 , Max Laplace Ite:     15 , MGM Ite:     15 , MGM Vel_Err:   0.141596E-01
Time Step    246, #PI:      1, #TPI:    504 , MGM: Poisson Ite:     41 , Max Laplace Ite:     15 , MGM Ite:     15 , MGM Vel_Err:   0.141596E-01
Time Step    246, #PI:      1, #TPI:    505 , MGM: Poisson Ite:     41 , Max Laplace Ite:     15 , MGM Ite:     15 , MGM Vel_Err:   0.141596E-01
Time Step    247, #PI:      1, #TPI:    506 , MGM: Poisson Ite:     41 , Max Laplace Ite:     15 , MGM Ite:     15 , MGM Vel_Err:   0.141596E-01
Time Step    247, #PI:      1, #TPI:    507 , MGM: Poisson Ite:     41 , Max Laplace Ite:     15 , MGM Ite:     15 , MGM Vel_Err:   0.141596E-01
Time Step    248, #PI:      1, #TPI:    508 , MGM: Poisson Ite:     41 , Max Laplace Ite:     15 , MGM Ite:     15 , MGM Vel_Err:   0.141596E-01
Time Step    248, #PI:      1, #TPI:    509 , MGM: Poisson Ite:     41 , Max Laplace Ite:     15 , MGM Ite:     15 , MGM Vel_Err:   0.141596E-01
Time Step    249, #PI:      1, #TPI:    510 , MGM: Poisson Ite:     41 , Max Laplace Ite:     15 , MGM Ite:     15 , MGM Vel_Err:   0.141596E-01
Time Step    249, #PI:      1, #TPI:    511 , MGM: Poisson Ite:     41 , Max Laplace Ite:     15 , MGM Ite:     15 , MGM Vel_Err:   0.141596E-01
Time Step    250, #PI:      1, #TPI:    512 , MGM: Poisson Ite:     41 , Max Laplace Ite:     15 , MGM Ite:     15 , MGM Vel_Err:   0.141596E-01
Time Step    250, #PI:      1, #TPI:    513 , MGM: Poisson Ite:     41 , Max Laplace Ite:     15 , MGM Ite:     15 , MGM Vel_Err:   0.141596E-01
Time Step    251, #PI:      1, #TPI:    514 , MGM: Poisson Ite:     41 , Max Laplace Ite:     15 , MGM Ite:     15 , MGM Vel_Err:   0.141596E-01
Time Step    251, #PI:      1, #TPI:    515 , MGM: Poisson Ite:     41 , Max Laplace Ite:     15 , MGM Ite:     15 , MGM Vel_Err:   0.141596E-01
Time Step    252, #PI:      1, #TPI:    516 , MGM: Poisson Ite:     41 , Max Laplace Ite:     15 , MGM Ite:     15 , MGM Vel_Err:   0.141596E-01
Time Step    252, #PI:      1, #TPI:    517 , MGM: Poisson Ite:     41 , Max Laplace Ite:     15 , MGM Ite:     15 , MGM Vel_Err:   0.141596E-01
Time Step    253, #PI:      1, #TPI:    518 , MGM: Poisson Ite:     41 , Max Laplace Ite:     15 , MGM Ite:     15 , MGM Vel_Err:   0.141596E-01
Time Step    253, #PI:      1, #TPI:    519 , MGM: Poisson Ite:     41 , Max Laplace Ite:     15 , MGM Ite:     15 , MGM Vel_Err:   0.141596E-01
Time Step    254, #PI:      1, #TPI:    520 , MGM: Poisson Ite:     41 , Max Laplace Ite:     15 , MGM Ite:     15 , MGM Vel_Err:   0.141596E-01
Time Step    254, #PI:      1, #TPI:    521 , MGM: Poisson Ite:     41 , Max Laplace Ite:     15 , MGM Ite:     15 , MGM Vel_Err:   0.141596E-01
Time Step    255, #PI:      1, #TPI:    522 , MGM: Poisson Ite:     41 , Max Laplace Ite:     15 , MGM Ite:     15 , MGM Vel_Err:   0.141596E-01
Time Step    255, #PI:      1, #TPI:    523 , MGM: Poisson Ite:     41 , Max Laplace Ite:     15 , MGM Ite:     15 , MGM Vel_Err:   0.141596E-01
Time Step    256, #PI:      1, #TPI:    524 , MGM: Poisson Ite:     41 , Max Laplace Ite:     15 , MGM Ite:     15 , MGM Vel_Err:   0.141596E-01
Time Step    256, #PI:      1, #TPI:    525 , MGM: Poisson Ite:     41 , Max Laplace Ite:     15 , MGM Ite:     15 , MGM Vel_Err:   0.141596E-01
Time Step    257, #PI:      1, #TPI:    526 , MGM: Poisson Ite:     41 , Max Laplace Ite:     15 , MGM Ite:     15 , MGM Vel_Err:   0.141596E-01
Time Step    257, #PI:      1, #TPI:    527 , MGM: Poisson Ite:     41 , Max Laplace Ite:     15 , MGM Ite:     15 , MGM Vel_Err:   0.141596E-01
Time Step    258, #PI:      1, #TPI:    528 , MGM: Poisson Ite:     41 , Max Laplace Ite:     15 , MGM Ite:     15 , MGM Vel_Err:   0.141596E-01
Time Step    258, #PI:      1, #TPI:    529 , MGM: Poisson Ite:     41 , Max Laplace Ite:     15 , MGM Ite:     15 , MGM Vel_Err:   0.141596E-01
Time Step    259, #PI:      1, #TPI:    530 , MGM: Poisson Ite:     41 , Max Laplace Ite:     15 , MGM Ite:     15 , MGM Vel_Err:   0.141596E-01
Time Step    259, #PI:      1, #TPI:    531 , MGM: Poisson Ite:     41 , Max Laplace Ite:     15 , MGM Ite:     15 , MGM Vel_Err:   0.141596E-01
Time Step    260, #PI:      1, #TPI:    532 , MGM: Poisson Ite:     41 , Max Laplace Ite:     15 , MGM Ite:     15 , MGM Vel_Err:   0.141596E-01
Time Step    260, #PI:      1, #TPI:    533 , MGM: Poisson Ite:     41 , Max Laplace Ite:     15 , MGM Ite:     15 , MGM Vel_Err:   0.141596E-01
Time Step    261, #PI:      1, #TPI:    534 , MGM: Poisson Ite:     41 , Max Laplace Ite:     15 , MGM Ite:     15 , MGM Vel_Err:   0.141596E-01
Time Step    261, #PI:      1, #TPI:    535 , MGM: Poisson Ite:     41 , Max Laplace Ite:     15 , MGM Ite:     15 , MGM Vel_Err:   0.141596E-01
Time Step    262, #PI:      1, #TPI:    536 , MGM: Poisson Ite:     41 , Max Laplace Ite:     15 , MGM Ite:     15 , MGM Vel_Err:   0.141596E-01
Time Step    262, #PI:      1, #TPI:    537 , MGM: Poisson Ite:     41 , Max Laplace Ite:     15 , MGM Ite:     15 , MGM Vel_Err:   0.141596E-01
Time Step    263, #PI:      1, #TPI:    538 , MGM: Poisson Ite:     41 , Max Laplace Ite:     15 , MGM Ite:     15 , MGM Vel_Err:   0.141596E-01
Time Step    263, #PI:      1, #TPI:    539 , MGM: Poisson Ite:     41 , Max Laplace Ite:     15 , MGM Ite:     15 , MGM Vel_Err:   0.141596E-01
Time Step    264, #PI:      1, #TPI:    540 , MGM: Poisson Ite:     41 , Max Laplace Ite:     15 , MGM Ite:     15 , MGM Vel_Err:   0.141596E-01
Time Step    264, #PI:      1, #TPI:    541 , MGM: Poisson Ite:     41 , Max Laplace Ite:     15 , MGM Ite:     15 , MGM Vel_Err:   0.141596E-01
Time Step    265, #PI:      1, #TPI:    542 , MGM: Poisson Ite:     41 , Max Laplace Ite:     15 , MGM Ite:     15 , MGM Vel_Err:   0.141596E-01
Time Step    265, #PI:      1, #TPI:    543 , MGM: Poisson Ite:     41 , Max Laplace Ite:     15 , MGM Ite:     15 , MGM Vel_Err:   0.141625E-01
Time Step    266, #PI:      1, #TPI:    544 , MGM: Poisson Ite:     41 , Max Laplace Ite:     15 , MGM Ite:     15 , MGM Vel_Err:   0.141625E-01
Time Step    266, #PI:      1, #TPI:    545 , MGM: Poisson Ite:     41 , Max Laplace Ite:     15 , MGM Ite:     15 , MGM Vel_Err:   0.142060E-01
Time Step    267, #PI:      1, #TPI:    546 , MGM: Poisson Ite:     41 , Max Laplace Ite:     15 , MGM Ite:     15 , MGM Vel_Err:   0.142060E-01
Time Step    267, #PI:      1, #TPI:    547 , MGM: Poisson Ite:     41 , Max Laplace Ite:     15 , MGM Ite:     15 , MGM Vel_Err:   0.142496E-01
Time Step    268, #PI:      1, #TPI:    548 , MGM: Poisson Ite:     41 , Max Laplace Ite:     15 , MGM Ite:     15 , MGM Vel_Err:   0.142496E-01
Time Step    268, #PI:      1, #TPI:    549 , MGM: Poisson Ite:     41 , Max Laplace Ite:     15 , MGM Ite:     15 , MGM Vel_Err:   0.142933E-01
Time Step    269, #PI:      1, #TPI:    550 , MGM: Poisson Ite:     41 , Max Laplace Ite:     15 , MGM Ite:     15 , MGM Vel_Err:   0.142933E-01
Time Step    269, #PI:      1, #TPI:    551 , MGM: Poisson Ite:     41 , Max Laplace Ite:     15 , MGM Ite:     15 , MGM Vel_Err:   0.143370E-01
Time Step    270, #PI:      1, #TPI:    552 , MGM: Poisson Ite:     41 , Max Laplace Ite:     15 , MGM Ite:     15 , MGM Vel_Err:   0.143370E-01
Time Step    270, #PI:      1, #TPI:    553 , MGM: Poisson Ite:     41 , Max Laplace Ite:     15 , MGM Ite:     15 , MGM Vel_Err:   0.143808E-01
Time Step    271, #PI:      1, #TPI:    554 , MGM: Poisson Ite:     41 , Max Laplace Ite:     15 , MGM Ite:     15 , MGM Vel_Err:   0.143808E-01
Time Step    271, #PI:      1, #TPI:    555 , MGM: Poisson Ite:     41 , Max Laplace Ite:     15 , MGM Ite:     15 , MGM Vel_Err:   0.144247E-01
Time Step    272, #PI:      1, #TPI:    556 , MGM: Poisson Ite:     41 , Max Laplace Ite:     15 , MGM Ite:     15 , MGM Vel_Err:   0.144247E-01
Time Step    272, #PI:      1, #TPI:    557 , MGM: Poisson Ite:     41 , Max Laplace Ite:     15 , MGM Ite:     15 , MGM Vel_Err:   0.144686E-01
Time Step    273, #PI:      1, #TPI:    558 , MGM: Poisson Ite:     41 , Max Laplace Ite:     15 , MGM Ite:     15 , MGM Vel_Err:   0.144686E-01
Time Step    273, #PI:      1, #TPI:    559 , MGM: Poisson Ite:     41 , Max Laplace Ite:     15 , MGM Ite:     15 , MGM Vel_Err:   0.145126E-01
Time Step    274, #PI:      1, #TPI:    560 , MGM: Poisson Ite:     41 , Max Laplace Ite:     15 , MGM Ite:     15 , MGM Vel_Err:   0.145126E-01
Time Step    274, #PI:      1, #TPI:    561 , MGM: Poisson Ite:     41 , Max Laplace Ite:     15 , MGM Ite:     15 , MGM Vel_Err:   0.145566E-01
Time Step    275, #PI:      1, #TPI:    562 , MGM: Poisson Ite:     41 , Max Laplace Ite:     15 , MGM Ite:     15 , MGM Vel_Err:   0.145566E-01
Time Step    275, #PI:      1, #TPI:    563 , MGM: Poisson Ite:     41 , Max Laplace Ite:     15 , MGM Ite:     15 , MGM Vel_Err:   0.146007E-01
Time Step    276, #PI:      1, #TPI:    564 , MGM: Poisson Ite:     41 , Max Laplace Ite:     15 , MGM Ite:     15 , MGM Vel_Err:   0.146007E-01
Time Step    276, #PI:      1, #TPI:    565 , MGM: Poisson Ite:     41 , Max Laplace Ite:     15 , MGM Ite:     15 , MGM Vel_Err:   0.146448E-01
Time Step    277, #PI:      1, #TPI:    566 , MGM: Poisson Ite:     41 , Max Laplace Ite:     15 , MGM Ite:     15 , MGM Vel_Err:   0.146448E-01
Time Step    277, #PI:      1, #TPI:    567 , MGM: Poisson Ite:     41 , Max Laplace Ite:     15 , MGM Ite:     15 , MGM Vel_Err:   0.146891E-01
Time Step    278, #PI:      1, #TPI:    568 , MGM: Poisson Ite:     41 , Max Laplace Ite:     15 , MGM Ite:     15 , MGM Vel_Err:   0.146891E-01
Time Step    278, #PI:      1, #TPI:    569 , MGM: Poisson Ite:     41 , Max Laplace Ite:     15 , MGM Ite:     15 , MGM Vel_Err:   0.147333E-01
Time Step    279, #PI:      1, #TPI:    570 , MGM: Poisson Ite:     41 , Max Laplace Ite:     15 , MGM Ite:     15 , MGM Vel_Err:   0.147333E-01
Time Step    279, #PI:      1, #TPI:    571 , MGM: Poisson Ite:     41 , Max Laplace Ite:     15 , MGM Ite:     15 , MGM Vel_Err:   0.147777E-01
Time Step    280, #PI:      1, #TPI:    572 , MGM: Poisson Ite:     41 , Max Laplace Ite:     15 , MGM Ite:     15 , MGM Vel_Err:   0.147777E-01
Time Step    280, #PI:      1, #TPI:    573 , MGM: Poisson Ite:     41 , Max Laplace Ite:     15 , MGM Ite:     15 , MGM Vel_Err:   0.148221E-01
Time Step    281, #PI:      1, #TPI:    574 , MGM: Poisson Ite:     41 , Max Laplace Ite:     15 , MGM Ite:     15 , MGM Vel_Err:   0.148221E-01
Time Step    281, #PI:      1, #TPI:    575 , MGM: Poisson Ite:     41 , Max Laplace Ite:     15 , MGM Ite:     15 , MGM Vel_Err:   0.148665E-01
Time Step    282, #PI:      1, #TPI:    576 , MGM: Poisson Ite:     41 , Max Laplace Ite:     15 , MGM Ite:     15 , MGM Vel_Err:   0.148665E-01
Time Step    282, #PI:      1, #TPI:    577 , MGM: Poisson Ite:     41 , Max Laplace Ite:     15 , MGM Ite:     15 , MGM Vel_Err:   0.149110E-01
Time Step    283, #PI:      1, #TPI:    578 , MGM: Poisson Ite:     41 , Max Laplace Ite:     15 , MGM Ite:     15 , MGM Vel_Err:   0.149110E-01
Time Step    283, #PI:      1, #TPI:    579 , MGM: Poisson Ite:     41 , Max Laplace Ite:     15 , MGM Ite:     15 , MGM Vel_Err:   0.149556E-01
Time Step    284, #PI:      1, #TPI:    580 , MGM: Poisson Ite:     41 , Max Laplace Ite:     15 , MGM Ite:     15 , MGM Vel_Err:   0.149556E-01
Time Step    284, #PI:      1, #TPI:    581 , MGM: Poisson Ite:     42 , Max Laplace Ite:     15 , MGM Ite:     15 , MGM Vel_Err:   0.150003E-01
Time Step    285, #PI:      1, #TPI:    582 , MGM: Poisson Ite:     42 , Max Laplace Ite:     15 , MGM Ite:     15 , MGM Vel_Err:   0.150003E-01
Time Step    285, #PI:      1, #TPI:    583 , MGM: Poisson Ite:     42 , Max Laplace Ite:     15 , MGM Ite:     16 , MGM Vel_Err:   0.150450E-01
Time Step    286, #PI:      1, #TPI:    584 , MGM: Poisson Ite:     42 , Max Laplace Ite:     15 , MGM Ite:     15 , MGM Vel_Err:   0.150450E-01
Time Step    286, #PI:      1, #TPI:    585 , MGM: Poisson Ite:     42 , Max Laplace Ite:     15 , MGM Ite:     16 , MGM Vel_Err:   0.150829E-01
Time Step    287, #PI:      1, #TPI:    586 , MGM: Poisson Ite:     42 , Max Laplace Ite:     15 , MGM Ite:     15 , MGM Vel_Err:   0.150829E-01
Time Step    287, #PI:      1, #TPI:    587 , MGM: Poisson Ite:     42 , Max Laplace Ite:     15 , MGM Ite:     16 , MGM Vel_Err:   0.151277E-01
Time Step    288, #PI:      1, #TPI:    588 , MGM: Poisson Ite:     42 , Max Laplace Ite:     15 , MGM Ite:     15 , MGM Vel_Err:   0.151277E-01
Time Step    288, #PI:      1, #TPI:    589 , MGM: Poisson Ite:     42 , Max Laplace Ite:     15 , MGM Ite:     16 , MGM Vel_Err:   0.151727E-01
Time Step    289, #PI:      1, #TPI:    590 , MGM: Poisson Ite:     42 , Max Laplace Ite:     15 , MGM Ite:     15 , MGM Vel_Err:   0.151727E-01
Time Step    289, #PI:      1, #TPI:    591 , MGM: Poisson Ite:     42 , Max Laplace Ite:     15 , MGM Ite:     16 , MGM Vel_Err:   0.152177E-01
Time Step    290, #PI:      1, #TPI:    592 , MGM: Poisson Ite:     42 , Max Laplace Ite:     15 , MGM Ite:     15 , MGM Vel_Err:   0.152177E-01
Time Step    290, #PI:      1, #TPI:    593 , MGM: Poisson Ite:     42 , Max Laplace Ite:     15 , MGM Ite:     16 , MGM Vel_Err:   0.152627E-01
Time Step    291, #PI:      1, #TPI:    594 , MGM: Poisson Ite:     42 , Max Laplace Ite:     15 , MGM Ite:     16 , MGM Vel_Err:   0.152627E-01
Time Step    291, #PI:      1, #TPI:    595 , MGM: Poisson Ite:     42 , Max Laplace Ite:     15 , MGM Ite:     16 , MGM Vel_Err:   0.152949E-01
Time Step    292, #PI:      1, #TPI:    596 , MGM: Poisson Ite:     42 , Max Laplace Ite:     15 , MGM Ite:     16 , MGM Vel_Err:   0.152949E-01
Time Step    292, #PI:      1, #TPI:    597 , MGM: Poisson Ite:     42 , Max Laplace Ite:     15 , MGM Ite:     16 , MGM Vel_Err:   0.153401E-01
Time Step    293, #PI:      1, #TPI:    598 , MGM: Poisson Ite:     42 , Max Laplace Ite:     15 , MGM Ite:     16 , MGM Vel_Err:   0.153401E-01
Time Step    293, #PI:      1, #TPI:    599 , MGM: Poisson Ite:     42 , Max Laplace Ite:     15 , MGM Ite:     16 , MGM Vel_Err:   0.153854E-01
Time Step    294, #PI:      1, #TPI:    600 , MGM: Poisson Ite:     42 , Max Laplace Ite:     15 , MGM Ite:     16 , MGM Vel_Err:   0.153854E-01
Time Step    294, #PI:      1, #TPI:    601 , MGM: Poisson Ite:     42 , Max Laplace Ite:     15 , MGM Ite:     16 , MGM Vel_Err:   0.154308E-01
Time Step    295, #PI:      1, #TPI:    602 , MGM: Poisson Ite:     42 , Max Laplace Ite:     15 , MGM Ite:     16 , MGM Vel_Err:   0.154308E-01
Time Step    295, #PI:      1, #TPI:    603 , MGM: Poisson Ite:     42 , Max Laplace Ite:     15 , MGM Ite:     15 , MGM Vel_Err:   0.154308E-01
Time Step    295, #PI:      1, #TPI:    604 , MGM: Poisson Ite:     42 , Max Laplace Ite:     15 , MGM Ite:     15 , MGM Vel_Err:   0.154308E-01
Time Step    296, #PI:      1, #TPI:    605 , MGM: Poisson Ite:     42 , Max Laplace Ite:     15 , MGM Ite:     15 , MGM Vel_Err:   0.154308E-01
Time Step    296, #PI:      1, #TPI:    606 , MGM: Poisson Ite:     42 , Max Laplace Ite:     15 , MGM Ite:     15 , MGM Vel_Err:   0.154308E-01
Time Step    297, #PI:      1, #TPI:    607 , MGM: Poisson Ite:     42 , Max Laplace Ite:     15 , MGM Ite:     15 , MGM Vel_Err:   0.154308E-01
Time Step    297, #PI:      1, #TPI:    608 , MGM: Poisson Ite:     42 , Max Laplace Ite:     15 , MGM Ite:     15 , MGM Vel_Err:   0.154308E-01
Time Step    298, #PI:      1, #TPI:    609 , MGM: Poisson Ite:     42 , Max Laplace Ite:     15 , MGM Ite:     15 , MGM Vel_Err:   0.154308E-01
Time Step    298, #PI:      1, #TPI:    610 , MGM: Poisson Ite:     42 , Max Laplace Ite:     15 , MGM Ite:     15 , MGM Vel_Err:   0.154308E-01
Time Step    299, #PI:      1, #TPI:    611 , MGM: Poisson Ite:     42 , Max Laplace Ite:     15 , MGM Ite:     15 , MGM Vel_Err:   0.154308E-01
Time Step    299, #PI:      1, #TPI:    612 , MGM: Poisson Ite:     42 , Max Laplace Ite:     15 , MGM Ite:     15 , MGM Vel_Err:   0.154308E-01
Time Step    300, #PI:      1, #TPI:    613 , MGM: Poisson Ite:     42 , Max Laplace Ite:     15 , MGM Ite:     15 , MGM Vel_Err:   0.154308E-01
Time Step    300, #PI:      1, #TPI:    614 , MGM: Poisson Ite:     43 , Max Laplace Ite:     15 , MGM Ite:     15 , MGM Vel_Err:   0.154308E-01
Time Step    301, #PI:      1, #TPI:    615 , MGM: Poisson Ite:     42 , Max Laplace Ite:     15 , MGM Ite:     15 , MGM Vel_Err:   0.154308E-01
Time Step    301, #PI:      1, #TPI:    616 , MGM: Poisson Ite:     43 , Max Laplace Ite:     15 , MGM Ite:     15 , MGM Vel_Err:   0.154308E-01
Time Step    302, #PI:      1, #TPI:    617 , MGM: Poisson Ite:     42 , Max Laplace Ite:     15 , MGM Ite:     15 , MGM Vel_Err:   0.154308E-01
Time Step    302, #PI:      1, #TPI:    618 , MGM: Poisson Ite:     43 , Max Laplace Ite:     15 , MGM Ite:     15 , MGM Vel_Err:   0.154308E-01
Time Step    303, #PI:      1, #TPI:    619 , MGM: Poisson Ite:     42 , Max Laplace Ite:     15 , MGM Ite:     15 , MGM Vel_Err:   0.154308E-01
Time Step    303, #PI:      1, #TPI:    620 , MGM: Poisson Ite:     43 , Max Laplace Ite:     15 , MGM Ite:     15 , MGM Vel_Err:   0.154308E-01
Time Step    304, #PI:      1, #TPI:    621 , MGM: Poisson Ite:     42 , Max Laplace Ite:     15 , MGM Ite:     15 , MGM Vel_Err:   0.154308E-01
Time Step    304, #PI:      1, #TPI:    622 , MGM: Poisson Ite:     43 , Max Laplace Ite:     15 , MGM Ite:     15 , MGM Vel_Err:   0.154308E-01
Time Step    305, #PI:      1, #TPI:    623 , MGM: Poisson Ite:     42 , Max Laplace Ite:     15 , MGM Ite:     15 , MGM Vel_Err:   0.154308E-01
Time Step    305, #PI:      1, #TPI:    624 , MGM: Poisson Ite:     43 , Max Laplace Ite:     15 , MGM Ite:     15 , MGM Vel_Err:   0.154308E-01
Time Step    306, #PI:      1, #TPI:    625 , MGM: Poisson Ite:     42 , Max Laplace Ite:     15 , MGM Ite:     15 , MGM Vel_Err:   0.154308E-01
Time Step    306, #PI:      1, #TPI:    626 , MGM: Poisson Ite:     43 , Max Laplace Ite:     15 , MGM Ite:     15 , MGM Vel_Err:   0.154308E-01
Time Step    307, #PI:      1, #TPI:    627 , MGM: Poisson Ite:     42 , Max Laplace Ite:     15 , MGM Ite:     15 , MGM Vel_Err:   0.154308E-01
Time Step    307, #PI:      1, #TPI:    628 , MGM: Poisson Ite:     43 , Max Laplace Ite:     15 , MGM Ite:     15 , MGM Vel_Err:   0.154308E-01
Time Step    308, #PI:      1, #TPI:    629 , MGM: Poisson Ite:     42 , Max Laplace Ite:     15 , MGM Ite:     15 , MGM Vel_Err:   0.154308E-01
Time Step    308, #PI:      1, #TPI:    630 , MGM: Poisson Ite:     43 , Max Laplace Ite:     15 , MGM Ite:     15 , MGM Vel_Err:   0.154308E-01
Time Step    309, #PI:      1, #TPI:    631 , MGM: Poisson Ite:     43 , Max Laplace Ite:     15 , MGM Ite:     15 , MGM Vel_Err:   0.154308E-01
Time Step    309, #PI:      1, #TPI:    632 , MGM: Poisson Ite:     43 , Max Laplace Ite:     15 , MGM Ite:     15 , MGM Vel_Err:   0.154308E-01
Time Step    310, #PI:      1, #TPI:    633 , MGM: Poisson Ite:     43 , Max Laplace Ite:     15 , MGM Ite:     15 , MGM Vel_Err:   0.154308E-01
Time Step    310, #PI:      1, #TPI:    634 , MGM: Poisson Ite:     44 , Max Laplace Ite:     15 , MGM Ite:     15 , MGM Vel_Err:   0.154308E-01
Time Step    311, #PI:      1, #TPI:    635 , MGM: Poisson Ite:     43 , Max Laplace Ite:     15 , MGM Ite:     15 , MGM Vel_Err:   0.154308E-01
Time Step    311, #PI:      1, #TPI:    636 , MGM: Poisson Ite:     44 , Max Laplace Ite:     15 , MGM Ite:     15 , MGM Vel_Err:   0.154308E-01
Time Step    312, #PI:      1, #TPI:    637 , MGM: Poisson Ite:     44 , Max Laplace Ite:     15 , MGM Ite:     15 , MGM Vel_Err:   0.154308E-01
Time Step    312, #PI:      1, #TPI:    638 , MGM: Poisson Ite:     44 , Max Laplace Ite:     15 , MGM Ite:     15 , MGM Vel_Err:   0.154308E-01
Time Step    313, #PI:      1, #TPI:    639 , MGM: Poisson Ite:     44 , Max Laplace Ite:     15 , MGM Ite:     15 , MGM Vel_Err:   0.154308E-01
Time Step    313, #PI:      1, #TPI:    640 , MGM: Poisson Ite:     44 , Max Laplace Ite:     15 , MGM Ite:     15 , MGM Vel_Err:   0.154308E-01
Time Step    314, #PI:      1, #TPI:    641 , MGM: Poisson Ite:     44 , Max Laplace Ite:     15 , MGM Ite:     15 , MGM Vel_Err:   0.154308E-01
Time Step    314, #PI:      1, #TPI:    642 , MGM: Poisson Ite:     44 , Max Laplace Ite:     15 , MGM Ite:     15 , MGM Vel_Err:   0.154308E-01
Time Step    315, #PI:      1, #TPI:    643 , MGM: Poisson Ite:     44 , Max Laplace Ite:     15 , MGM Ite:     15 , MGM Vel_Err:   0.154308E-01
Time Step    315, #PI:      1, #TPI:    644 , MGM: Poisson Ite:     44 , Max Laplace Ite:     15 , MGM Ite:     15 , MGM Vel_Err:   0.154308E-01
Time Step    316, #PI:      1, #TPI:    645 , MGM: Poisson Ite:     44 , Max Laplace Ite:     15 , MGM Ite:     15 , MGM Vel_Err:   0.154308E-01
Time Step    316, #PI:      1, #TPI:    646 , MGM: Poisson Ite:     44 , Max Laplace Ite:     15 , MGM Ite:     15 , MGM Vel_Err:   0.154308E-01
Time Step    317, #PI:      1, #TPI:    647 , MGM: Poisson Ite:     44 , Max Laplace Ite:     15 , MGM Ite:     15 , MGM Vel_Err:   0.154308E-01
Time Step    317, #PI:      1, #TPI:    648 , MGM: Poisson Ite:     44 , Max Laplace Ite:     15 , MGM Ite:     15 , MGM Vel_Err:   0.154308E-01
Time Step    318, #PI:      1, #TPI:    649 , MGM: Poisson Ite:     44 , Max Laplace Ite:     15 , MGM Ite:     15 , MGM Vel_Err:   0.154308E-01
Time Step    318, #PI:      1, #TPI:    650 , MGM: Poisson Ite:     44 , Max Laplace Ite:     15 , MGM Ite:     15 , MGM Vel_Err:   0.154308E-01
Time Step    319, #PI:      1, #TPI:    651 , MGM: Poisson Ite:     44 , Max Laplace Ite:     15 , MGM Ite:     15 , MGM Vel_Err:   0.154308E-01
Time Step    319, #PI:      1, #TPI:    652 , MGM: Poisson Ite:     44 , Max Laplace Ite:     15 , MGM Ite:     15 , MGM Vel_Err:   0.154308E-01
